mode: set
github.com/rombintu/avito-pvz-project/cmd/server/main.go:13.13,16.16 3 0
github.com/rombintu/avito-pvz-project/cmd/server/main.go:16.16,18.3 1 0
github.com/rombintu/avito-pvz-project/cmd/server/main.go:19.2,29.47 4 0
github.com/rombintu/avito-pvz-project/cmd/server/main.go:29.47,32.3 1 0
github.com/rombintu/avito-pvz-project/internal/config/config.go:11.25,16.2 3 0
github.com/rombintu/avito-pvz-project/internal/config/config.go:18.59,20.9 2 1
github.com/rombintu/avito-pvz-project/internal/config/config.go:20.9,22.3 1 1
github.com/rombintu/avito-pvz-project/internal/config/config.go:23.2,23.14 1 0
github.com/rombintu/avito-pvz-project/internal/config/config.go:26.28,30.2 3 0
github.com/rombintu/avito-pvz-project/internal/auth/auth.go:23.77,34.2 3 1
github.com/rombintu/avito-pvz-project/internal/auth/auth.go:36.65,37.104 1 1
github.com/rombintu/avito-pvz-project/internal/auth/auth.go:37.104,39.3 1 1
github.com/rombintu/avito-pvz-project/internal/auth/auth.go:41.2,41.16 1 1
github.com/rombintu/avito-pvz-project/internal/auth/auth.go:41.16,43.3 1 0
github.com/rombintu/avito-pvz-project/internal/auth/auth.go:45.2,45.61 1 1
github.com/rombintu/avito-pvz-project/internal/auth/auth.go:45.61,47.3 1 1
github.com/rombintu/avito-pvz-project/internal/auth/auth.go:49.2,49.41 1 0
github.com/rombintu/avito-pvz-project/internal/mocks/storage.go:27.59,31.2 3 0
github.com/rombintu/avito-pvz-project/internal/mocks/storage.go:34.57,36.2 1 0
github.com/rombintu/avito-pvz-project/internal/mocks/storage.go:39.84,44.2 4 0
github.com/rombintu/avito-pvz-project/internal/mocks/storage.go:47.84,50.2 2 0
github.com/rombintu/avito-pvz-project/internal/mocks/storage.go:53.79,58.2 4 0
github.com/rombintu/avito-pvz-project/internal/mocks/storage.go:61.88,64.2 2 0
github.com/rombintu/avito-pvz-project/internal/mocks/storage.go:67.79,72.2 4 0
github.com/rombintu/avito-pvz-project/internal/mocks/storage.go:75.83,78.2 2 0
github.com/rombintu/avito-pvz-project/internal/mocks/storage.go:81.91,86.2 4 0
github.com/rombintu/avito-pvz-project/internal/mocks/storage.go:89.89,92.2 2 0
github.com/rombintu/avito-pvz-project/internal/mocks/storage.go:95.81,100.2 4 0
github.com/rombintu/avito-pvz-project/internal/mocks/storage.go:103.84,106.2 2 0
github.com/rombintu/avito-pvz-project/internal/mocks/storage.go:109.78,114.2 4 0
github.com/rombintu/avito-pvz-project/internal/mocks/storage.go:117.87,120.2 2 0
github.com/rombintu/avito-pvz-project/internal/mocks/storage.go:123.98,129.2 5 0
github.com/rombintu/avito-pvz-project/internal/mocks/storage.go:132.88,135.2 2 0
github.com/rombintu/avito-pvz-project/internal/mocks/storage.go:138.102,144.2 5 0
github.com/rombintu/avito-pvz-project/internal/mocks/storage.go:147.90,150.2 2 0
github.com/rombintu/avito-pvz-project/internal/mocks/storage.go:153.99,159.2 5 0
github.com/rombintu/avito-pvz-project/internal/mocks/storage.go:162.81,165.2 2 0
github.com/rombintu/avito-pvz-project/internal/mocks/storage.go:168.95,174.2 5 0
github.com/rombintu/avito-pvz-project/internal/mocks/storage.go:177.88,180.2 2 0
github.com/rombintu/avito-pvz-project/internal/storage/storage.go:40.43,41.25 1 0
github.com/rombintu/avito-pvz-project/internal/storage/storage.go:42.21,43.51 1 0
github.com/rombintu/avito-pvz-project/internal/storage/storage.go:45.2,45.12 1 0
github.com/rombintu/avito-pvz-project/internal/storage/drivers/pgx.go:38.54,40.2 1 1
github.com/rombintu/avito-pvz-project/internal/storage/drivers/pgx.go:43.69,44.49 1 1
github.com/rombintu/avito-pvz-project/internal/storage/drivers/pgx.go:44.49,46.3 1 0
github.com/rombintu/avito-pvz-project/internal/storage/drivers/pgx.go:47.2,47.13 1 1
github.com/rombintu/avito-pvz-project/internal/storage/drivers/pgx.go:51.102,53.16 2 1
github.com/rombintu/avito-pvz-project/internal/storage/drivers/pgx.go:53.16,55.3 1 0
github.com/rombintu/avito-pvz-project/internal/storage/drivers/pgx.go:57.2,57.15 1 1
github.com/rombintu/avito-pvz-project/internal/storage/drivers/pgx.go:57.15,58.31 1 1
github.com/rombintu/avito-pvz-project/internal/storage/drivers/pgx.go:58.31,61.12 2 0
github.com/rombintu/avito-pvz-project/internal/storage/drivers/pgx.go:65.2,67.34 2 1
github.com/rombintu/avito-pvz-project/internal/storage/drivers/pgx.go:67.34,68.43 1 1
github.com/rombintu/avito-pvz-project/internal/storage/drivers/pgx.go:68.43,70.4 1 0
github.com/rombintu/avito-pvz-project/internal/storage/drivers/pgx.go:71.3,71.13 1 1
github.com/rombintu/avito-pvz-project/internal/storage/drivers/pgx.go:74.2,74.36 1 1
github.com/rombintu/avito-pvz-project/internal/storage/drivers/pgx.go:74.36,76.3 1 0
github.com/rombintu/avito-pvz-project/internal/storage/drivers/pgx.go:78.2,78.12 1 1
github.com/rombintu/avito-pvz-project/internal/storage/drivers/pgx.go:82.84,96.16 3 1
github.com/rombintu/avito-pvz-project/internal/storage/drivers/pgx.go:96.16,97.64 1 1
github.com/rombintu/avito-pvz-project/internal/storage/drivers/pgx.go:97.64,99.4 1 1
github.com/rombintu/avito-pvz-project/internal/storage/drivers/pgx.go:100.3,100.54 1 1
github.com/rombintu/avito-pvz-project/internal/storage/drivers/pgx.go:103.2,103.12 1 1
github.com/rombintu/avito-pvz-project/internal/storage/drivers/pgx.go:106.99,121.16 4 1
github.com/rombintu/avito-pvz-project/internal/storage/drivers/pgx.go:121.16,122.36 1 1
github.com/rombintu/avito-pvz-project/internal/storage/drivers/pgx.go:122.36,124.4 1 1
github.com/rombintu/avito-pvz-project/internal/storage/drivers/pgx.go:125.3,125.65 1 0
github.com/rombintu/avito-pvz-project/internal/storage/drivers/pgx.go:128.2,128.19 1 1
github.com/rombintu/avito-pvz-project/internal/storage/drivers/pgx.go:132.81,144.16 3 1
github.com/rombintu/avito-pvz-project/internal/storage/drivers/pgx.go:144.16,146.3 1 0
github.com/rombintu/avito-pvz-project/internal/storage/drivers/pgx.go:148.2,148.12 1 1
github.com/rombintu/avito-pvz-project/internal/storage/drivers/pgx.go:151.104,161.32 4 1
github.com/rombintu/avito-pvz-project/internal/storage/drivers/pgx.go:161.32,165.3 3 1
github.com/rombintu/avito-pvz-project/internal/storage/drivers/pgx.go:167.2,167.30 1 1
github.com/rombintu/avito-pvz-project/internal/storage/drivers/pgx.go:167.30,171.3 3 1
github.com/rombintu/avito-pvz-project/internal/storage/drivers/pgx.go:173.2,177.16 4 1
github.com/rombintu/avito-pvz-project/internal/storage/drivers/pgx.go:177.16,179.3 1 0
github.com/rombintu/avito-pvz-project/internal/storage/drivers/pgx.go:180.2,183.18 3 1
github.com/rombintu/avito-pvz-project/internal/storage/drivers/pgx.go:183.18,189.17 2 1
github.com/rombintu/avito-pvz-project/internal/storage/drivers/pgx.go:189.17,191.4 1 0
github.com/rombintu/avito-pvz-project/internal/storage/drivers/pgx.go:192.3,192.28 1 1
github.com/rombintu/avito-pvz-project/internal/storage/drivers/pgx.go:195.2,195.35 1 1
github.com/rombintu/avito-pvz-project/internal/storage/drivers/pgx.go:195.35,197.3 1 0
github.com/rombintu/avito-pvz-project/internal/storage/drivers/pgx.go:199.2,199.18 1 1
github.com/rombintu/avito-pvz-project/internal/storage/drivers/pgx.go:203.99,216.16 3 1
github.com/rombintu/avito-pvz-project/internal/storage/drivers/pgx.go:216.16,218.3 1 0
github.com/rombintu/avito-pvz-project/internal/storage/drivers/pgx.go:220.2,220.12 1 1
github.com/rombintu/avito-pvz-project/internal/storage/drivers/pgx.go:223.106,240.16 4 1
github.com/rombintu/avito-pvz-project/internal/storage/drivers/pgx.go:240.16,241.36 1 0
github.com/rombintu/avito-pvz-project/internal/storage/drivers/pgx.go:241.36,243.4 1 0
github.com/rombintu/avito-pvz-project/internal/storage/drivers/pgx.go:244.3,244.66 1 0
github.com/rombintu/avito-pvz-project/internal/storage/drivers/pgx.go:247.2,247.24 1 1
github.com/rombintu/avito-pvz-project/internal/storage/drivers/pgx.go:250.89,258.16 3 1
github.com/rombintu/avito-pvz-project/internal/storage/drivers/pgx.go:258.16,260.3 1 0
github.com/rombintu/avito-pvz-project/internal/storage/drivers/pgx.go:262.2,263.16 2 1
github.com/rombintu/avito-pvz-project/internal/storage/drivers/pgx.go:263.16,265.3 1 0
github.com/rombintu/avito-pvz-project/internal/storage/drivers/pgx.go:267.2,267.23 1 1
github.com/rombintu/avito-pvz-project/internal/storage/drivers/pgx.go:267.23,269.3 1 0
github.com/rombintu/avito-pvz-project/internal/storage/drivers/pgx.go:271.2,271.12 1 1
github.com/rombintu/avito-pvz-project/internal/storage/drivers/pgx.go:275.90,288.16 3 1
github.com/rombintu/avito-pvz-project/internal/storage/drivers/pgx.go:288.16,290.3 1 0
github.com/rombintu/avito-pvz-project/internal/storage/drivers/pgx.go:292.2,292.12 1 1
github.com/rombintu/avito-pvz-project/internal/storage/drivers/pgx.go:295.108,312.16 4 1
github.com/rombintu/avito-pvz-project/internal/storage/drivers/pgx.go:312.16,313.36 1 0
github.com/rombintu/avito-pvz-project/internal/storage/drivers/pgx.go:313.36,315.4 1 0
github.com/rombintu/avito-pvz-project/internal/storage/drivers/pgx.go:316.3,316.64 1 0
github.com/rombintu/avito-pvz-project/internal/storage/drivers/pgx.go:319.2,319.22 1 1
github.com/rombintu/avito-pvz-project/internal/storage/drivers/pgx.go:322.86,329.16 3 1
github.com/rombintu/avito-pvz-project/internal/storage/drivers/pgx.go:329.16,331.3 1 0
github.com/rombintu/avito-pvz-project/internal/storage/drivers/pgx.go:333.2,334.16 2 1
github.com/rombintu/avito-pvz-project/internal/storage/drivers/pgx.go:334.16,336.3 1 0
github.com/rombintu/avito-pvz-project/internal/storage/drivers/pgx.go:338.2,338.23 1 1
github.com/rombintu/avito-pvz-project/internal/storage/drivers/pgx.go:338.23,340.3 1 1
github.com/rombintu/avito-pvz-project/internal/storage/drivers/pgx.go:342.2,342.12 1 1
github.com/rombintu/avito-pvz-project/lib/middleware/auth.go:11.52,12.30 1 1
github.com/rombintu/avito-pvz-project/lib/middleware/auth.go:12.30,14.23 2 1
github.com/rombintu/avito-pvz-project/lib/middleware/auth.go:14.23,17.4 2 0
github.com/rombintu/avito-pvz-project/lib/middleware/auth.go:19.3,20.32 2 1
github.com/rombintu/avito-pvz-project/lib/middleware/auth.go:20.32,23.4 2 0
github.com/rombintu/avito-pvz-project/lib/middleware/auth.go:25.3,26.17 2 1
github.com/rombintu/avito-pvz-project/lib/middleware/auth.go:26.17,29.4 2 0
github.com/rombintu/avito-pvz-project/lib/middleware/auth.go:31.3,32.11 2 1
github.com/rombintu/avito-pvz-project/internal/mocks/storage.go:27.59,31.2 3 1
github.com/rombintu/avito-pvz-project/internal/mocks/storage.go:34.57,36.2 1 1
github.com/rombintu/avito-pvz-project/internal/mocks/storage.go:39.84,44.2 4 1
github.com/rombintu/avito-pvz-project/internal/mocks/storage.go:47.84,50.2 2 1
github.com/rombintu/avito-pvz-project/internal/mocks/storage.go:53.79,58.2 4 1
github.com/rombintu/avito-pvz-project/internal/mocks/storage.go:61.88,64.2 2 1
github.com/rombintu/avito-pvz-project/internal/mocks/storage.go:67.79,72.2 4 1
github.com/rombintu/avito-pvz-project/internal/mocks/storage.go:75.83,78.2 2 1
github.com/rombintu/avito-pvz-project/internal/mocks/storage.go:81.91,86.2 4 1
github.com/rombintu/avito-pvz-project/internal/mocks/storage.go:89.89,92.2 2 1
github.com/rombintu/avito-pvz-project/internal/mocks/storage.go:95.81,100.2 4 1
github.com/rombintu/avito-pvz-project/internal/mocks/storage.go:103.84,106.2 2 1
github.com/rombintu/avito-pvz-project/internal/mocks/storage.go:109.78,114.2 4 1
github.com/rombintu/avito-pvz-project/internal/mocks/storage.go:117.87,120.2 2 1
github.com/rombintu/avito-pvz-project/internal/mocks/storage.go:123.98,129.2 5 1
github.com/rombintu/avito-pvz-project/internal/mocks/storage.go:132.88,135.2 2 1
github.com/rombintu/avito-pvz-project/internal/mocks/storage.go:138.102,144.2 5 1
github.com/rombintu/avito-pvz-project/internal/mocks/storage.go:147.90,150.2 2 1
github.com/rombintu/avito-pvz-project/internal/mocks/storage.go:153.99,159.2 5 1
github.com/rombintu/avito-pvz-project/internal/mocks/storage.go:162.81,165.2 2 1
github.com/rombintu/avito-pvz-project/internal/mocks/storage.go:168.95,174.2 5 1
github.com/rombintu/avito-pvz-project/internal/mocks/storage.go:177.88,180.2 2 1
github.com/rombintu/avito-pvz-project/internal/server/server.go:29.41,35.2 1 1
github.com/rombintu/avito-pvz-project/internal/server/server.go:37.41,40.2 2 0
github.com/rombintu/avito-pvz-project/internal/server/server.go:42.32,51.2 6 1
github.com/rombintu/avito-pvz-project/internal/server/server.go:51.2,58.3 6 1
github.com/rombintu/avito-pvz-project/internal/server/server.go:62.45,67.47 2 1
github.com/rombintu/avito-pvz-project/internal/server/server.go:67.47,70.3 2 0
github.com/rombintu/avito-pvz-project/internal/server/server.go:72.2,72.55 1 1
github.com/rombintu/avito-pvz-project/internal/server/server.go:72.55,75.3 2 1
github.com/rombintu/avito-pvz-project/internal/server/server.go:77.2,78.16 2 1
github.com/rombintu/avito-pvz-project/internal/server/server.go:78.16,81.3 2 0
github.com/rombintu/avito-pvz-project/internal/server/server.go:83.2,83.46 1 1
github.com/rombintu/avito-pvz-project/internal/server/server.go:87.43,94.47 2 1
github.com/rombintu/avito-pvz-project/internal/server/server.go:94.47,97.3 2 0
github.com/rombintu/avito-pvz-project/internal/server/server.go:99.2,106.72 2 1
github.com/rombintu/avito-pvz-project/internal/server/server.go:106.72,107.48 1 1
github.com/rombintu/avito-pvz-project/internal/server/server.go:107.48,110.4 2 1
github.com/rombintu/avito-pvz-project/internal/server/server.go:111.3,112.9 2 0
github.com/rombintu/avito-pvz-project/internal/server/server.go:115.2,119.4 1 1
github.com/rombintu/avito-pvz-project/internal/server/server.go:123.40,129.47 2 1
github.com/rombintu/avito-pvz-project/internal/server/server.go:129.47,132.3 2 0
github.com/rombintu/avito-pvz-project/internal/server/server.go:134.2,135.16 2 1
github.com/rombintu/avito-pvz-project/internal/server/server.go:135.16,136.42 1 0
github.com/rombintu/avito-pvz-project/internal/server/server.go:136.42,139.4 2 0
github.com/rombintu/avito-pvz-project/internal/server/server.go:140.3,141.9 2 0
github.com/rombintu/avito-pvz-project/internal/server/server.go:145.2,145.35 1 1
github.com/rombintu/avito-pvz-project/internal/server/server.go:145.35,148.3 2 1
github.com/rombintu/avito-pvz-project/internal/server/server.go:150.2,151.16 2 1
github.com/rombintu/avito-pvz-project/internal/server/server.go:151.16,154.3 2 0
github.com/rombintu/avito-pvz-project/internal/server/server.go:156.2,156.46 1 1
github.com/rombintu/avito-pvz-project/internal/server/server.go:160.44,162.13 2 1
github.com/rombintu/avito-pvz-project/internal/server/server.go:162.13,165.3 2 0
github.com/rombintu/avito-pvz-project/internal/server/server.go:167.2,168.50 2 1
github.com/rombintu/avito-pvz-project/internal/server/server.go:168.50,171.3 2 1
github.com/rombintu/avito-pvz-project/internal/server/server.go:173.2,174.47 2 1
github.com/rombintu/avito-pvz-project/internal/server/server.go:174.47,177.3 2 0
github.com/rombintu/avito-pvz-project/internal/server/server.go:180.2,181.28 2 1
github.com/rombintu/avito-pvz-project/internal/server/server.go:181.28,184.3 2 0
github.com/rombintu/avito-pvz-project/internal/server/server.go:186.2,189.71 3 1
github.com/rombintu/avito-pvz-project/internal/server/server.go:189.71,192.3 2 0
github.com/rombintu/avito-pvz-project/internal/server/server.go:194.2,194.33 1 1
github.com/rombintu/avito-pvz-project/internal/server/server.go:198.42,200.75 2 1
github.com/rombintu/avito-pvz-project/internal/server/server.go:200.75,203.3 2 0
github.com/rombintu/avito-pvz-project/internal/server/server.go:205.2,206.51 2 1
github.com/rombintu/avito-pvz-project/internal/server/server.go:206.51,209.3 2 0
github.com/rombintu/avito-pvz-project/internal/server/server.go:212.2,212.23 1 1
github.com/rombintu/avito-pvz-project/internal/server/server.go:212.23,214.3 1 1
github.com/rombintu/avito-pvz-project/internal/server/server.go:215.2,215.22 1 1
github.com/rombintu/avito-pvz-project/internal/server/server.go:215.22,217.3 1 1
github.com/rombintu/avito-pvz-project/internal/server/server.go:219.2,220.16 2 1
github.com/rombintu/avito-pvz-project/internal/server/server.go:220.16,223.3 2 0
github.com/rombintu/avito-pvz-project/internal/server/server.go:225.2,225.29 1 1
github.com/rombintu/avito-pvz-project/internal/server/server.go:229.50,231.38 2 1
github.com/rombintu/avito-pvz-project/internal/server/server.go:231.38,234.3 2 0
github.com/rombintu/avito-pvz-project/internal/server/server.go:236.2,240.47 2 1
github.com/rombintu/avito-pvz-project/internal/server/server.go:240.47,243.3 2 0
github.com/rombintu/avito-pvz-project/internal/server/server.go:245.2,252.82 2 1
github.com/rombintu/avito-pvz-project/internal/server/server.go:252.82,255.3 2 0
github.com/rombintu/avito-pvz-project/internal/server/server.go:257.2,257.39 1 1
github.com/rombintu/avito-pvz-project/internal/server/server.go:261.45,263.38 2 1
github.com/rombintu/avito-pvz-project/internal/server/server.go:263.38,266.3 2 0
github.com/rombintu/avito-pvz-project/internal/server/server.go:268.2,273.47 2 1
github.com/rombintu/avito-pvz-project/internal/server/server.go:273.47,276.3 2 0
github.com/rombintu/avito-pvz-project/internal/server/server.go:279.2,280.16 2 1
github.com/rombintu/avito-pvz-project/internal/server/server.go:280.16,281.42 1 0
github.com/rombintu/avito-pvz-project/internal/server/server.go:281.42,284.4 2 0
github.com/rombintu/avito-pvz-project/internal/server/server.go:285.3,286.9 2 0
github.com/rombintu/avito-pvz-project/internal/server/server.go:289.2,296.75 2 1
github.com/rombintu/avito-pvz-project/internal/server/server.go:296.75,299.3 2 0
github.com/rombintu/avito-pvz-project/internal/server/server.go:301.2,301.37 1 1
github.com/rombintu/avito-pvz-project/internal/server/server.go:305.53,307.38 2 1
github.com/rombintu/avito-pvz-project/internal/server/server.go:307.38,310.3 2 0
github.com/rombintu/avito-pvz-project/internal/server/server.go:312.2,313.45 2 1
github.com/rombintu/avito-pvz-project/internal/server/server.go:313.45,316.3 2 0
github.com/rombintu/avito-pvz-project/internal/server/server.go:319.2,320.16 2 1
github.com/rombintu/avito-pvz-project/internal/server/server.go:320.16,321.42 1 0
github.com/rombintu/avito-pvz-project/internal/server/server.go:321.42,324.4 2 0
github.com/rombintu/avito-pvz-project/internal/server/server.go:325.3,326.9 2 0
github.com/rombintu/avito-pvz-project/internal/server/server.go:329.2,329.84 1 1
github.com/rombintu/avito-pvz-project/internal/server/server.go:329.84,332.3 2 0
github.com/rombintu/avito-pvz-project/internal/server/server.go:334.2,334.74 1 1
github.com/rombintu/avito-pvz-project/internal/server/server.go:338.52,340.38 2 1
github.com/rombintu/avito-pvz-project/internal/server/server.go:340.38,343.3 2 0
github.com/rombintu/avito-pvz-project/internal/server/server.go:345.2,346.45 2 1
github.com/rombintu/avito-pvz-project/internal/server/server.go:346.45,349.3 2 0
github.com/rombintu/avito-pvz-project/internal/server/server.go:352.2,353.16 2 1
github.com/rombintu/avito-pvz-project/internal/server/server.go:353.16,354.42 1 0
github.com/rombintu/avito-pvz-project/internal/server/server.go:354.42,357.4 2 0
github.com/rombintu/avito-pvz-project/internal/server/server.go:358.3,359.9 2 0
github.com/rombintu/avito-pvz-project/internal/server/server.go:363.2,364.16 2 1
github.com/rombintu/avito-pvz-project/internal/server/server.go:364.16,365.42 1 0
github.com/rombintu/avito-pvz-project/internal/server/server.go:365.42,368.4 2 0
github.com/rombintu/avito-pvz-project/internal/server/server.go:369.3,370.9 2 0
github.com/rombintu/avito-pvz-project/internal/server/server.go:373.2,373.81 1 1
github.com/rombintu/avito-pvz-project/internal/server/server.go:373.81,376.3 2 0
github.com/rombintu/avito-pvz-project/internal/server/server.go:378.2,378.73 1 1
github.com/rombintu/avito-pvz-project/internal/storage/storage.go:40.43,41.25 1 0
github.com/rombintu/avito-pvz-project/internal/storage/storage.go:42.21,43.51 1 0
github.com/rombintu/avito-pvz-project/internal/storage/storage.go:45.2,45.12 1 0
