mode: set
github.com/rombintu/avito-pvz-project/cmd/server/main.go:17.13,24.16 4 0
github.com/rombintu/avito-pvz-project/cmd/server/main.go:24.16,26.3 1 0
github.com/rombintu/avito-pvz-project/cmd/server/main.go:27.2,36.59 3 0
github.com/rombintu/avito-pvz-project/cmd/server/main.go:36.59,38.3 1 0
github.com/rombintu/avito-pvz-project/cmd/server/main.go:40.2,47.12 2 0
github.com/rombintu/avito-pvz-project/cmd/server/main.go:47.12,48.56 1 0
github.com/rombintu/avito-pvz-project/cmd/server/main.go:48.56,51.4 2 0
github.com/rombintu/avito-pvz-project/cmd/server/main.go:55.2,55.12 1 0
github.com/rombintu/avito-pvz-project/cmd/server/main.go:55.12,56.48 1 0
github.com/rombintu/avito-pvz-project/cmd/server/main.go:56.48,59.4 2 0
github.com/rombintu/avito-pvz-project/cmd/server/main.go:62.2,67.30 4 0
github.com/rombintu/avito-pvz-project/internal/proto/pvz.pb.go:43.50,47.2 3 0
github.com/rombintu/avito-pvz-project/internal/proto/pvz.pb.go:49.42,51.2 1 0
github.com/rombintu/avito-pvz-project/internal/proto/pvz.pb.go:53.65,55.2 1 0
github.com/rombintu/avito-pvz-project/internal/proto/pvz.pb.go:57.53,59.2 1 0
github.com/rombintu/avito-pvz-project/internal/proto/pvz.pb.go:61.59,63.2 1 0
github.com/rombintu/avito-pvz-project/internal/proto/pvz.pb.go:66.57,68.2 1 0
github.com/rombintu/avito-pvz-project/internal/proto/pvz.pb.go:80.23,82.29 2 0
github.com/rombintu/avito-pvz-project/internal/proto/pvz.pb.go:82.29,86.3 3 0
github.com/rombintu/avito-pvz-project/internal/proto/pvz.pb.go:89.31,91.2 1 0
github.com/rombintu/avito-pvz-project/internal/proto/pvz.pb.go:93.29,93.30 0 0
github.com/rombintu/avito-pvz-project/internal/proto/pvz.pb.go:95.51,97.41 2 0
github.com/rombintu/avito-pvz-project/internal/proto/pvz.pb.go:97.41,99.34 2 0
github.com/rombintu/avito-pvz-project/internal/proto/pvz.pb.go:99.34,101.4 1 0
github.com/rombintu/avito-pvz-project/internal/proto/pvz.pb.go:102.3,102.12 1 0
github.com/rombintu/avito-pvz-project/internal/proto/pvz.pb.go:104.2,104.24 1 0
github.com/rombintu/avito-pvz-project/internal/proto/pvz.pb.go:108.42,110.2 1 0
github.com/rombintu/avito-pvz-project/internal/proto/pvz.pb.go:112.30,113.14 1 0
github.com/rombintu/avito-pvz-project/internal/proto/pvz.pb.go:113.14,115.3 1 0
github.com/rombintu/avito-pvz-project/internal/proto/pvz.pb.go:116.2,116.11 1 0
github.com/rombintu/avito-pvz-project/internal/proto/pvz.pb.go:119.60,120.14 1 0
github.com/rombintu/avito-pvz-project/internal/proto/pvz.pb.go:120.14,122.3 1 0
github.com/rombintu/avito-pvz-project/internal/proto/pvz.pb.go:123.2,123.12 1 0
github.com/rombintu/avito-pvz-project/internal/proto/pvz.pb.go:126.32,127.14 1 0
github.com/rombintu/avito-pvz-project/internal/proto/pvz.pb.go:127.14,129.3 1 0
github.com/rombintu/avito-pvz-project/internal/proto/pvz.pb.go:130.2,130.11 1 0
github.com/rombintu/avito-pvz-project/internal/proto/pvz.pb.go:139.37,141.29 2 0
github.com/rombintu/avito-pvz-project/internal/proto/pvz.pb.go:141.29,145.3 3 0
github.com/rombintu/avito-pvz-project/internal/proto/pvz.pb.go:148.45,150.2 1 0
github.com/rombintu/avito-pvz-project/internal/proto/pvz.pb.go:152.43,152.44 0 0
github.com/rombintu/avito-pvz-project/internal/proto/pvz.pb.go:154.65,156.41 2 0
github.com/rombintu/avito-pvz-project/internal/proto/pvz.pb.go:156.41,158.34 2 0
github.com/rombintu/avito-pvz-project/internal/proto/pvz.pb.go:158.34,160.4 1 0
github.com/rombintu/avito-pvz-project/internal/proto/pvz.pb.go:161.3,161.12 1 0
github.com/rombintu/avito-pvz-project/internal/proto/pvz.pb.go:163.2,163.24 1 0
github.com/rombintu/avito-pvz-project/internal/proto/pvz.pb.go:167.56,169.2 1 0
github.com/rombintu/avito-pvz-project/internal/proto/pvz.pb.go:179.38,181.29 2 0
github.com/rombintu/avito-pvz-project/internal/proto/pvz.pb.go:181.29,185.3 3 0
github.com/rombintu/avito-pvz-project/internal/proto/pvz.pb.go:188.46,190.2 1 0
github.com/rombintu/avito-pvz-project/internal/proto/pvz.pb.go:192.44,192.45 0 0
github.com/rombintu/avito-pvz-project/internal/proto/pvz.pb.go:194.66,196.41 2 0
github.com/rombintu/avito-pvz-project/internal/proto/pvz.pb.go:196.41,198.34 2 0
github.com/rombintu/avito-pvz-project/internal/proto/pvz.pb.go:198.34,200.4 1 0
github.com/rombintu/avito-pvz-project/internal/proto/pvz.pb.go:201.3,201.12 1 0
github.com/rombintu/avito-pvz-project/internal/proto/pvz.pb.go:203.2,203.24 1 0
github.com/rombintu/avito-pvz-project/internal/proto/pvz.pb.go:207.57,209.2 1 0
github.com/rombintu/avito-pvz-project/internal/proto/pvz.pb.go:211.47,212.14 1 0
github.com/rombintu/avito-pvz-project/internal/proto/pvz.pb.go:212.14,214.3 1 0
github.com/rombintu/avito-pvz-project/internal/proto/pvz.pb.go:215.2,215.12 1 0
github.com/rombintu/avito-pvz-project/internal/proto/pvz.pb.go:259.57,260.54 1 0
github.com/rombintu/avito-pvz-project/internal/proto/pvz.pb.go:260.54,262.3 1 0
github.com/rombintu/avito-pvz-project/internal/proto/pvz.pb.go:263.2,263.50 1 0
github.com/rombintu/avito-pvz-project/internal/proto/pvz.pb.go:287.13,287.53 1 0
github.com/rombintu/avito-pvz-project/internal/proto/pvz.pb.go:288.43,289.42 1 0
github.com/rombintu/avito-pvz-project/internal/proto/pvz.pb.go:289.42,291.3 1 0
github.com/rombintu/avito-pvz-project/internal/proto/pvz.pb.go:292.2,292.30 1 0
github.com/rombintu/avito-pvz-project/internal/proto/pvz.pb.go:292.30,293.95 1 0
github.com/rombintu/avito-pvz-project/internal/proto/pvz.pb.go:293.95,294.28 1 0
github.com/rombintu/avito-pvz-project/internal/proto/pvz.pb.go:295.11,296.20 1 0
github.com/rombintu/avito-pvz-project/internal/proto/pvz.pb.go:297.11,298.24 1 0
github.com/rombintu/avito-pvz-project/internal/proto/pvz.pb.go:299.11,300.28 1 0
github.com/rombintu/avito-pvz-project/internal/proto/pvz.pb.go:301.12,302.15 1 0
github.com/rombintu/avito-pvz-project/internal/proto/pvz.pb.go:305.3,305.95 1 0
github.com/rombintu/avito-pvz-project/internal/proto/pvz.pb.go:305.95,306.42 1 0
github.com/rombintu/avito-pvz-project/internal/proto/pvz.pb.go:307.11,308.20 1 0
github.com/rombintu/avito-pvz-project/internal/proto/pvz.pb.go:309.11,310.24 1 0
github.com/rombintu/avito-pvz-project/internal/proto/pvz.pb.go:311.11,312.28 1 0
github.com/rombintu/avito-pvz-project/internal/proto/pvz.pb.go:313.12,314.15 1 0
github.com/rombintu/avito-pvz-project/internal/proto/pvz.pb.go:317.3,317.95 1 0
github.com/rombintu/avito-pvz-project/internal/proto/pvz.pb.go:317.95,318.43 1 0
github.com/rombintu/avito-pvz-project/internal/proto/pvz.pb.go:319.11,320.20 1 0
github.com/rombintu/avito-pvz-project/internal/proto/pvz.pb.go:321.11,322.24 1 0
github.com/rombintu/avito-pvz-project/internal/proto/pvz.pb.go:323.11,324.28 1 0
github.com/rombintu/avito-pvz-project/internal/proto/pvz.pb.go:325.12,326.15 1 0
github.com/rombintu/avito-pvz-project/internal/proto/pvz.pb.go:330.2,348.45 6 0
github.com/rombintu/avito-pvz-project/internal/proto/pvz_grpc.pb.go:28.72,30.2 1 0
github.com/rombintu/avito-pvz-project/internal/proto/pvz_grpc.pb.go:32.137,35.16 3 0
github.com/rombintu/avito-pvz-project/internal/proto/pvz_grpc.pb.go:35.16,37.3 1 0
github.com/rombintu/avito-pvz-project/internal/proto/pvz_grpc.pb.go:38.2,38.17 1 0
github.com/rombintu/avito-pvz-project/internal/proto/pvz_grpc.pb.go:53.115,55.2 1 0
github.com/rombintu/avito-pvz-project/internal/proto/pvz_grpc.pb.go:56.80,56.81 0 0
github.com/rombintu/avito-pvz-project/internal/proto/pvz_grpc.pb.go:65.78,67.2 1 0
github.com/rombintu/avito-pvz-project/internal/proto/pvz_grpc.pb.go:69.166,71.32 2 0
github.com/rombintu/avito-pvz-project/internal/proto/pvz_grpc.pb.go:71.32,73.3 1 0
github.com/rombintu/avito-pvz-project/internal/proto/pvz_grpc.pb.go:74.2,74.24 1 0
github.com/rombintu/avito-pvz-project/internal/proto/pvz_grpc.pb.go:74.24,76.3 1 0
github.com/rombintu/avito-pvz-project/internal/proto/pvz_grpc.pb.go:77.2,81.77 2 0
github.com/rombintu/avito-pvz-project/internal/proto/pvz_grpc.pb.go:81.77,83.3 1 0
github.com/rombintu/avito-pvz-project/internal/proto/pvz_grpc.pb.go:84.2,84.44 1 0
github.com/rombintu/avito-pvz-project/internal/mocks/storage.go:27.59,31.2 3 0
github.com/rombintu/avito-pvz-project/internal/mocks/storage.go:34.57,36.2 1 0
github.com/rombintu/avito-pvz-project/internal/mocks/storage.go:39.84,44.2 4 0
github.com/rombintu/avito-pvz-project/internal/mocks/storage.go:47.84,50.2 2 0
github.com/rombintu/avito-pvz-project/internal/mocks/storage.go:53.50,58.2 4 0
github.com/rombintu/avito-pvz-project/internal/mocks/storage.go:61.75,64.2 2 0
github.com/rombintu/avito-pvz-project/internal/mocks/storage.go:67.79,72.2 4 0
github.com/rombintu/avito-pvz-project/internal/mocks/storage.go:75.88,78.2 2 0
github.com/rombintu/avito-pvz-project/internal/mocks/storage.go:81.79,86.2 4 0
github.com/rombintu/avito-pvz-project/internal/mocks/storage.go:89.83,92.2 2 0
github.com/rombintu/avito-pvz-project/internal/mocks/storage.go:95.91,100.2 4 0
github.com/rombintu/avito-pvz-project/internal/mocks/storage.go:103.89,106.2 2 0
github.com/rombintu/avito-pvz-project/internal/mocks/storage.go:109.81,114.2 4 0
github.com/rombintu/avito-pvz-project/internal/mocks/storage.go:117.84,120.2 2 0
github.com/rombintu/avito-pvz-project/internal/mocks/storage.go:123.78,128.2 4 0
github.com/rombintu/avito-pvz-project/internal/mocks/storage.go:131.87,134.2 2 0
github.com/rombintu/avito-pvz-project/internal/mocks/storage.go:137.98,143.2 5 0
github.com/rombintu/avito-pvz-project/internal/mocks/storage.go:146.88,149.2 2 0
github.com/rombintu/avito-pvz-project/internal/mocks/storage.go:152.102,158.2 5 0
github.com/rombintu/avito-pvz-project/internal/mocks/storage.go:161.90,164.2 2 0
github.com/rombintu/avito-pvz-project/internal/mocks/storage.go:167.99,173.2 5 0
github.com/rombintu/avito-pvz-project/internal/mocks/storage.go:176.81,179.2 2 0
github.com/rombintu/avito-pvz-project/internal/mocks/storage.go:182.95,188.2 5 0
github.com/rombintu/avito-pvz-project/internal/mocks/storage.go:191.88,194.2 2 0
github.com/rombintu/avito-pvz-project/internal/mocks/storage.go:197.50,202.2 4 0
github.com/rombintu/avito-pvz-project/internal/mocks/storage.go:205.75,208.2 2 0
github.com/rombintu/avito-pvz-project/internal/storage/storage.go:45.43,46.25 1 0
github.com/rombintu/avito-pvz-project/internal/storage/storage.go:47.21,48.68 1 0
github.com/rombintu/avito-pvz-project/internal/storage/storage.go:50.2,50.12 1 0
github.com/rombintu/avito-pvz-project/internal/auth/auth.go:23.77,34.2 3 1
github.com/rombintu/avito-pvz-project/internal/auth/auth.go:36.65,37.104 1 1
github.com/rombintu/avito-pvz-project/internal/auth/auth.go:37.104,39.3 1 1
github.com/rombintu/avito-pvz-project/internal/auth/auth.go:41.2,41.16 1 1
github.com/rombintu/avito-pvz-project/internal/auth/auth.go:41.16,43.3 1 1
github.com/rombintu/avito-pvz-project/internal/auth/auth.go:45.2,45.61 1 1
github.com/rombintu/avito-pvz-project/internal/auth/auth.go:45.61,47.3 1 1
github.com/rombintu/avito-pvz-project/internal/auth/auth.go:49.2,49.41 1 0
github.com/rombintu/avito-pvz-project/internal/auth/auth.go:52.109,53.18 1 1
github.com/rombintu/avito-pvz-project/internal/auth/auth.go:53.18,55.3 1 1
github.com/rombintu/avito-pvz-project/internal/auth/auth.go:56.2,56.18 1 1
github.com/rombintu/avito-pvz-project/internal/auth/auth.go:56.18,58.3 1 1
github.com/rombintu/avito-pvz-project/internal/auth/auth.go:60.2,69.43 3 1
github.com/rombintu/avito-pvz-project/internal/config/config.go:12.25,17.2 3 1
github.com/rombintu/avito-pvz-project/internal/config/config.go:19.59,21.9 2 1
github.com/rombintu/avito-pvz-project/internal/config/config.go:21.9,23.3 1 1
github.com/rombintu/avito-pvz-project/internal/config/config.go:24.2,24.14 1 1
github.com/rombintu/avito-pvz-project/internal/config/config.go:27.28,32.2 4 1
github.com/rombintu/avito-pvz-project/internal/mocks/storage.go:27.59,31.2 3 1
github.com/rombintu/avito-pvz-project/internal/mocks/storage.go:34.57,36.2 1 1
github.com/rombintu/avito-pvz-project/internal/mocks/storage.go:39.84,44.2 4 1
github.com/rombintu/avito-pvz-project/internal/mocks/storage.go:47.84,50.2 2 1
github.com/rombintu/avito-pvz-project/internal/mocks/storage.go:53.50,58.2 4 0
github.com/rombintu/avito-pvz-project/internal/mocks/storage.go:61.75,64.2 2 0
github.com/rombintu/avito-pvz-project/internal/mocks/storage.go:67.79,72.2 4 1
github.com/rombintu/avito-pvz-project/internal/mocks/storage.go:75.88,78.2 2 1
github.com/rombintu/avito-pvz-project/internal/mocks/storage.go:81.79,86.2 4 1
github.com/rombintu/avito-pvz-project/internal/mocks/storage.go:89.83,92.2 2 1
github.com/rombintu/avito-pvz-project/internal/mocks/storage.go:95.91,100.2 4 1
github.com/rombintu/avito-pvz-project/internal/mocks/storage.go:103.89,106.2 2 1
github.com/rombintu/avito-pvz-project/internal/mocks/storage.go:109.81,114.2 4 1
github.com/rombintu/avito-pvz-project/internal/mocks/storage.go:117.84,120.2 2 1
github.com/rombintu/avito-pvz-project/internal/mocks/storage.go:123.78,128.2 4 1
github.com/rombintu/avito-pvz-project/internal/mocks/storage.go:131.87,134.2 2 1
github.com/rombintu/avito-pvz-project/internal/mocks/storage.go:137.98,143.2 5 1
github.com/rombintu/avito-pvz-project/internal/mocks/storage.go:146.88,149.2 2 1
github.com/rombintu/avito-pvz-project/internal/mocks/storage.go:152.102,158.2 5 1
github.com/rombintu/avito-pvz-project/internal/mocks/storage.go:161.90,164.2 2 1
github.com/rombintu/avito-pvz-project/internal/mocks/storage.go:167.99,173.2 5 1
github.com/rombintu/avito-pvz-project/internal/mocks/storage.go:176.81,179.2 2 1
github.com/rombintu/avito-pvz-project/internal/mocks/storage.go:182.95,188.2 5 1
github.com/rombintu/avito-pvz-project/internal/mocks/storage.go:191.88,194.2 2 1
github.com/rombintu/avito-pvz-project/internal/mocks/storage.go:197.50,202.2 4 0
github.com/rombintu/avito-pvz-project/internal/mocks/storage.go:205.75,208.2 2 0
github.com/rombintu/avito-pvz-project/internal/proto/pvz.pb.go:43.50,47.2 3 0
github.com/rombintu/avito-pvz-project/internal/proto/pvz.pb.go:49.42,51.2 1 0
github.com/rombintu/avito-pvz-project/internal/proto/pvz.pb.go:53.65,55.2 1 0
github.com/rombintu/avito-pvz-project/internal/proto/pvz.pb.go:57.53,59.2 1 0
github.com/rombintu/avito-pvz-project/internal/proto/pvz.pb.go:61.59,63.2 1 0
github.com/rombintu/avito-pvz-project/internal/proto/pvz.pb.go:66.57,68.2 1 0
github.com/rombintu/avito-pvz-project/internal/proto/pvz.pb.go:80.23,82.29 2 0
github.com/rombintu/avito-pvz-project/internal/proto/pvz.pb.go:82.29,86.3 3 0
github.com/rombintu/avito-pvz-project/internal/proto/pvz.pb.go:89.31,91.2 1 0
github.com/rombintu/avito-pvz-project/internal/proto/pvz.pb.go:93.29,93.30 0 0
github.com/rombintu/avito-pvz-project/internal/proto/pvz.pb.go:95.51,97.41 2 0
github.com/rombintu/avito-pvz-project/internal/proto/pvz.pb.go:97.41,99.34 2 0
github.com/rombintu/avito-pvz-project/internal/proto/pvz.pb.go:99.34,101.4 1 0
github.com/rombintu/avito-pvz-project/internal/proto/pvz.pb.go:102.3,102.12 1 0
github.com/rombintu/avito-pvz-project/internal/proto/pvz.pb.go:104.2,104.24 1 0
github.com/rombintu/avito-pvz-project/internal/proto/pvz.pb.go:108.42,110.2 1 0
github.com/rombintu/avito-pvz-project/internal/proto/pvz.pb.go:112.30,113.14 1 0
github.com/rombintu/avito-pvz-project/internal/proto/pvz.pb.go:113.14,115.3 1 0
github.com/rombintu/avito-pvz-project/internal/proto/pvz.pb.go:116.2,116.11 1 0
github.com/rombintu/avito-pvz-project/internal/proto/pvz.pb.go:119.60,120.14 1 0
github.com/rombintu/avito-pvz-project/internal/proto/pvz.pb.go:120.14,122.3 1 0
github.com/rombintu/avito-pvz-project/internal/proto/pvz.pb.go:123.2,123.12 1 0
github.com/rombintu/avito-pvz-project/internal/proto/pvz.pb.go:126.32,127.14 1 0
github.com/rombintu/avito-pvz-project/internal/proto/pvz.pb.go:127.14,129.3 1 0
github.com/rombintu/avito-pvz-project/internal/proto/pvz.pb.go:130.2,130.11 1 0
github.com/rombintu/avito-pvz-project/internal/proto/pvz.pb.go:139.37,141.29 2 0
github.com/rombintu/avito-pvz-project/internal/proto/pvz.pb.go:141.29,145.3 3 0
github.com/rombintu/avito-pvz-project/internal/proto/pvz.pb.go:148.45,150.2 1 0
github.com/rombintu/avito-pvz-project/internal/proto/pvz.pb.go:152.43,152.44 0 0
github.com/rombintu/avito-pvz-project/internal/proto/pvz.pb.go:154.65,156.41 2 0
github.com/rombintu/avito-pvz-project/internal/proto/pvz.pb.go:156.41,158.34 2 0
github.com/rombintu/avito-pvz-project/internal/proto/pvz.pb.go:158.34,160.4 1 0
github.com/rombintu/avito-pvz-project/internal/proto/pvz.pb.go:161.3,161.12 1 0
github.com/rombintu/avito-pvz-project/internal/proto/pvz.pb.go:163.2,163.24 1 0
github.com/rombintu/avito-pvz-project/internal/proto/pvz.pb.go:167.56,169.2 1 0
github.com/rombintu/avito-pvz-project/internal/proto/pvz.pb.go:179.38,181.29 2 0
github.com/rombintu/avito-pvz-project/internal/proto/pvz.pb.go:181.29,185.3 3 0
github.com/rombintu/avito-pvz-project/internal/proto/pvz.pb.go:188.46,190.2 1 0
github.com/rombintu/avito-pvz-project/internal/proto/pvz.pb.go:192.44,192.45 0 0
github.com/rombintu/avito-pvz-project/internal/proto/pvz.pb.go:194.66,196.41 2 0
github.com/rombintu/avito-pvz-project/internal/proto/pvz.pb.go:196.41,198.34 2 0
github.com/rombintu/avito-pvz-project/internal/proto/pvz.pb.go:198.34,200.4 1 0
github.com/rombintu/avito-pvz-project/internal/proto/pvz.pb.go:201.3,201.12 1 0
github.com/rombintu/avito-pvz-project/internal/proto/pvz.pb.go:203.2,203.24 1 0
github.com/rombintu/avito-pvz-project/internal/proto/pvz.pb.go:207.57,209.2 1 0
github.com/rombintu/avito-pvz-project/internal/proto/pvz.pb.go:211.47,212.14 1 0
github.com/rombintu/avito-pvz-project/internal/proto/pvz.pb.go:212.14,214.3 1 0
github.com/rombintu/avito-pvz-project/internal/proto/pvz.pb.go:215.2,215.12 1 0
github.com/rombintu/avito-pvz-project/internal/proto/pvz.pb.go:259.57,260.54 1 0
github.com/rombintu/avito-pvz-project/internal/proto/pvz.pb.go:260.54,262.3 1 0
github.com/rombintu/avito-pvz-project/internal/proto/pvz.pb.go:263.2,263.50 1 0
github.com/rombintu/avito-pvz-project/internal/proto/pvz.pb.go:287.13,287.53 1 1
github.com/rombintu/avito-pvz-project/internal/proto/pvz.pb.go:288.43,289.42 1 1
github.com/rombintu/avito-pvz-project/internal/proto/pvz.pb.go:289.42,291.3 1 0
github.com/rombintu/avito-pvz-project/internal/proto/pvz.pb.go:292.2,292.30 1 1
github.com/rombintu/avito-pvz-project/internal/proto/pvz.pb.go:292.30,293.95 1 0
github.com/rombintu/avito-pvz-project/internal/proto/pvz.pb.go:293.95,294.28 1 0
github.com/rombintu/avito-pvz-project/internal/proto/pvz.pb.go:295.11,296.20 1 0
github.com/rombintu/avito-pvz-project/internal/proto/pvz.pb.go:297.11,298.24 1 0
github.com/rombintu/avito-pvz-project/internal/proto/pvz.pb.go:299.11,300.28 1 0
github.com/rombintu/avito-pvz-project/internal/proto/pvz.pb.go:301.12,302.15 1 0
github.com/rombintu/avito-pvz-project/internal/proto/pvz.pb.go:305.3,305.95 1 0
github.com/rombintu/avito-pvz-project/internal/proto/pvz.pb.go:305.95,306.42 1 0
github.com/rombintu/avito-pvz-project/internal/proto/pvz.pb.go:307.11,308.20 1 0
github.com/rombintu/avito-pvz-project/internal/proto/pvz.pb.go:309.11,310.24 1 0
github.com/rombintu/avito-pvz-project/internal/proto/pvz.pb.go:311.11,312.28 1 0
github.com/rombintu/avito-pvz-project/internal/proto/pvz.pb.go:313.12,314.15 1 0
github.com/rombintu/avito-pvz-project/internal/proto/pvz.pb.go:317.3,317.95 1 0
github.com/rombintu/avito-pvz-project/internal/proto/pvz.pb.go:317.95,318.43 1 0
github.com/rombintu/avito-pvz-project/internal/proto/pvz.pb.go:319.11,320.20 1 0
github.com/rombintu/avito-pvz-project/internal/proto/pvz.pb.go:321.11,322.24 1 0
github.com/rombintu/avito-pvz-project/internal/proto/pvz.pb.go:323.11,324.28 1 0
github.com/rombintu/avito-pvz-project/internal/proto/pvz.pb.go:325.12,326.15 1 0
github.com/rombintu/avito-pvz-project/internal/proto/pvz.pb.go:330.2,348.45 6 1
github.com/rombintu/avito-pvz-project/internal/proto/pvz_grpc.pb.go:28.72,30.2 1 0
github.com/rombintu/avito-pvz-project/internal/proto/pvz_grpc.pb.go:32.137,35.16 3 0
github.com/rombintu/avito-pvz-project/internal/proto/pvz_grpc.pb.go:35.16,37.3 1 0
github.com/rombintu/avito-pvz-project/internal/proto/pvz_grpc.pb.go:38.2,38.17 1 0
github.com/rombintu/avito-pvz-project/internal/proto/pvz_grpc.pb.go:53.115,55.2 1 0
github.com/rombintu/avito-pvz-project/internal/proto/pvz_grpc.pb.go:56.80,56.81 0 0
github.com/rombintu/avito-pvz-project/internal/proto/pvz_grpc.pb.go:65.78,67.2 1 1
github.com/rombintu/avito-pvz-project/internal/proto/pvz_grpc.pb.go:69.166,71.32 2 0
github.com/rombintu/avito-pvz-project/internal/proto/pvz_grpc.pb.go:71.32,73.3 1 0
github.com/rombintu/avito-pvz-project/internal/proto/pvz_grpc.pb.go:74.2,74.24 1 0
github.com/rombintu/avito-pvz-project/internal/proto/pvz_grpc.pb.go:74.24,76.3 1 0
github.com/rombintu/avito-pvz-project/internal/proto/pvz_grpc.pb.go:77.2,81.77 2 0
github.com/rombintu/avito-pvz-project/internal/proto/pvz_grpc.pb.go:81.77,83.3 1 0
github.com/rombintu/avito-pvz-project/internal/proto/pvz_grpc.pb.go:84.2,84.44 1 0
github.com/rombintu/avito-pvz-project/internal/server/server.go:40.41,46.2 1 1
github.com/rombintu/avito-pvz-project/internal/server/server.go:48.41,51.2 2 1
github.com/rombintu/avito-pvz-project/internal/server/server.go:53.45,55.16 2 1
github.com/rombintu/avito-pvz-project/internal/server/server.go:55.16,57.3 1 1
github.com/rombintu/avito-pvz-project/internal/server/server.go:58.2,61.30 4 0
github.com/rombintu/avito-pvz-project/internal/server/server.go:64.32,73.2 6 1
github.com/rombintu/avito-pvz-project/internal/server/server.go:73.2,80.3 6 1
github.com/rombintu/avito-pvz-project/internal/server/server.go:84.45,89.47 2 1
github.com/rombintu/avito-pvz-project/internal/server/server.go:89.47,92.3 2 0
github.com/rombintu/avito-pvz-project/internal/server/server.go:94.2,94.55 1 1
github.com/rombintu/avito-pvz-project/internal/server/server.go:94.55,97.3 2 1
github.com/rombintu/avito-pvz-project/internal/server/server.go:99.2,100.16 2 1
github.com/rombintu/avito-pvz-project/internal/server/server.go:100.16,103.3 2 0
github.com/rombintu/avito-pvz-project/internal/server/server.go:105.2,105.46 1 1
github.com/rombintu/avito-pvz-project/internal/server/server.go:109.43,116.47 2 1
github.com/rombintu/avito-pvz-project/internal/server/server.go:116.47,119.3 2 1
github.com/rombintu/avito-pvz-project/internal/server/server.go:121.2,128.72 2 1
github.com/rombintu/avito-pvz-project/internal/server/server.go:128.72,129.48 1 1
github.com/rombintu/avito-pvz-project/internal/server/server.go:129.48,132.4 2 1
github.com/rombintu/avito-pvz-project/internal/server/server.go:133.3,134.9 2 0
github.com/rombintu/avito-pvz-project/internal/server/server.go:137.2,141.4 1 1
github.com/rombintu/avito-pvz-project/internal/server/server.go:145.40,151.47 2 1
github.com/rombintu/avito-pvz-project/internal/server/server.go:151.47,154.3 2 1
github.com/rombintu/avito-pvz-project/internal/server/server.go:156.2,157.16 2 1
github.com/rombintu/avito-pvz-project/internal/server/server.go:157.16,158.42 1 1
github.com/rombintu/avito-pvz-project/internal/server/server.go:158.42,161.4 2 1
github.com/rombintu/avito-pvz-project/internal/server/server.go:162.3,163.9 2 0
github.com/rombintu/avito-pvz-project/internal/server/server.go:167.2,167.35 1 1
github.com/rombintu/avito-pvz-project/internal/server/server.go:167.35,170.3 2 1
github.com/rombintu/avito-pvz-project/internal/server/server.go:172.2,173.16 2 1
github.com/rombintu/avito-pvz-project/internal/server/server.go:173.16,176.3 2 0
github.com/rombintu/avito-pvz-project/internal/server/server.go:178.2,178.46 1 1
github.com/rombintu/avito-pvz-project/internal/server/server.go:182.44,184.13 2 1
github.com/rombintu/avito-pvz-project/internal/server/server.go:184.13,187.3 2 0
github.com/rombintu/avito-pvz-project/internal/server/server.go:189.2,190.50 2 1
github.com/rombintu/avito-pvz-project/internal/server/server.go:190.50,193.3 2 1
github.com/rombintu/avito-pvz-project/internal/server/server.go:195.2,196.47 2 1
github.com/rombintu/avito-pvz-project/internal/server/server.go:196.47,199.3 2 0
github.com/rombintu/avito-pvz-project/internal/server/server.go:202.2,203.28 2 1
github.com/rombintu/avito-pvz-project/internal/server/server.go:203.28,206.3 2 1
github.com/rombintu/avito-pvz-project/internal/server/server.go:208.2,211.71 3 1
github.com/rombintu/avito-pvz-project/internal/server/server.go:211.71,214.3 2 0
github.com/rombintu/avito-pvz-project/internal/server/server.go:216.2,216.33 1 1
github.com/rombintu/avito-pvz-project/internal/server/server.go:220.42,222.75 2 1
github.com/rombintu/avito-pvz-project/internal/server/server.go:222.75,225.3 2 0
github.com/rombintu/avito-pvz-project/internal/server/server.go:227.2,228.51 2 1
github.com/rombintu/avito-pvz-project/internal/server/server.go:228.51,231.3 2 0
github.com/rombintu/avito-pvz-project/internal/server/server.go:234.2,234.23 1 1
github.com/rombintu/avito-pvz-project/internal/server/server.go:234.23,236.3 1 1
github.com/rombintu/avito-pvz-project/internal/server/server.go:237.2,237.22 1 1
github.com/rombintu/avito-pvz-project/internal/server/server.go:237.22,239.3 1 1
github.com/rombintu/avito-pvz-project/internal/server/server.go:241.2,242.16 2 1
github.com/rombintu/avito-pvz-project/internal/server/server.go:242.16,245.3 2 1
github.com/rombintu/avito-pvz-project/internal/server/server.go:247.2,247.29 1 1
github.com/rombintu/avito-pvz-project/internal/server/server.go:251.50,253.38 2 1
github.com/rombintu/avito-pvz-project/internal/server/server.go:253.38,256.3 2 0
github.com/rombintu/avito-pvz-project/internal/server/server.go:258.2,262.47 2 1
github.com/rombintu/avito-pvz-project/internal/server/server.go:262.47,265.3 2 1
github.com/rombintu/avito-pvz-project/internal/server/server.go:267.2,274.82 2 1
github.com/rombintu/avito-pvz-project/internal/server/server.go:274.82,277.3 2 1
github.com/rombintu/avito-pvz-project/internal/server/server.go:279.2,279.39 1 1
github.com/rombintu/avito-pvz-project/internal/server/server.go:283.45,285.38 2 1
github.com/rombintu/avito-pvz-project/internal/server/server.go:285.38,288.3 2 0
github.com/rombintu/avito-pvz-project/internal/server/server.go:290.2,295.47 2 1
github.com/rombintu/avito-pvz-project/internal/server/server.go:295.47,298.3 2 1
github.com/rombintu/avito-pvz-project/internal/server/server.go:301.2,302.16 2 1
github.com/rombintu/avito-pvz-project/internal/server/server.go:302.16,303.42 1 1
github.com/rombintu/avito-pvz-project/internal/server/server.go:303.42,306.4 2 1
github.com/rombintu/avito-pvz-project/internal/server/server.go:307.3,308.9 2 0
github.com/rombintu/avito-pvz-project/internal/server/server.go:311.2,318.75 2 1
github.com/rombintu/avito-pvz-project/internal/server/server.go:318.75,321.3 2 1
github.com/rombintu/avito-pvz-project/internal/server/server.go:323.2,323.37 1 1
github.com/rombintu/avito-pvz-project/internal/server/server.go:327.53,329.38 2 1
github.com/rombintu/avito-pvz-project/internal/server/server.go:329.38,332.3 2 0
github.com/rombintu/avito-pvz-project/internal/server/server.go:334.2,335.45 2 1
github.com/rombintu/avito-pvz-project/internal/server/server.go:335.45,338.3 2 1
github.com/rombintu/avito-pvz-project/internal/server/server.go:341.2,342.16 2 1
github.com/rombintu/avito-pvz-project/internal/server/server.go:342.16,343.42 1 1
github.com/rombintu/avito-pvz-project/internal/server/server.go:343.42,346.4 2 1
github.com/rombintu/avito-pvz-project/internal/server/server.go:347.3,348.9 2 0
github.com/rombintu/avito-pvz-project/internal/server/server.go:351.2,351.84 1 1
github.com/rombintu/avito-pvz-project/internal/server/server.go:351.84,354.3 2 1
github.com/rombintu/avito-pvz-project/internal/server/server.go:356.2,356.74 1 1
github.com/rombintu/avito-pvz-project/internal/server/server.go:360.52,362.38 2 1
github.com/rombintu/avito-pvz-project/internal/server/server.go:362.38,365.3 2 0
github.com/rombintu/avito-pvz-project/internal/server/server.go:367.2,368.45 2 1
github.com/rombintu/avito-pvz-project/internal/server/server.go:368.45,371.3 2 0
github.com/rombintu/avito-pvz-project/internal/server/server.go:374.2,375.16 2 1
github.com/rombintu/avito-pvz-project/internal/server/server.go:375.16,376.42 1 1
github.com/rombintu/avito-pvz-project/internal/server/server.go:376.42,379.4 2 1
github.com/rombintu/avito-pvz-project/internal/server/server.go:380.3,381.9 2 0
github.com/rombintu/avito-pvz-project/internal/server/server.go:385.2,386.16 2 1
github.com/rombintu/avito-pvz-project/internal/server/server.go:386.16,387.42 1 1
github.com/rombintu/avito-pvz-project/internal/server/server.go:387.42,390.4 2 1
github.com/rombintu/avito-pvz-project/internal/server/server.go:391.3,392.9 2 0
github.com/rombintu/avito-pvz-project/internal/server/server.go:395.2,395.81 1 1
github.com/rombintu/avito-pvz-project/internal/server/server.go:395.81,398.3 2 1
github.com/rombintu/avito-pvz-project/internal/server/server.go:400.2,400.73 1 1
github.com/rombintu/avito-pvz-project/internal/server/server.go:404.116,406.16 2 1
github.com/rombintu/avito-pvz-project/internal/server/server.go:406.16,408.3 1 1
github.com/rombintu/avito-pvz-project/internal/server/server.go:410.2,412.25 2 1
github.com/rombintu/avito-pvz-project/internal/server/server.go:412.25,418.3 1 1
github.com/rombintu/avito-pvz-project/internal/server/server.go:419.2,419.16 1 1
github.com/rombintu/avito-pvz-project/internal/storage/storage.go:45.43,46.25 1 0
github.com/rombintu/avito-pvz-project/internal/storage/storage.go:47.21,48.68 1 0
github.com/rombintu/avito-pvz-project/internal/storage/storage.go:50.2,50.12 1 0
github.com/rombintu/avito-pvz-project/lib/logger/logger.go:18.29,21.25 2 0
github.com/rombintu/avito-pvz-project/lib/logger/logger.go:21.25,27.3 1 0
github.com/rombintu/avito-pvz-project/lib/logger/logger.go:27.8,33.3 1 0
github.com/rombintu/avito-pvz-project/lib/logger/logger.go:34.2,36.25 3 0
github.com/rombintu/avito-pvz-project/lib/logger/logger.go:49.74,52.17 2 1
github.com/rombintu/avito-pvz-project/lib/logger/logger.go:53.23,54.37 1 1
github.com/rombintu/avito-pvz-project/lib/logger/logger.go:55.22,56.34 1 1
github.com/rombintu/avito-pvz-project/lib/logger/logger.go:57.22,58.36 1 1
github.com/rombintu/avito-pvz-project/lib/logger/logger.go:59.23,60.33 1 1
github.com/rombintu/avito-pvz-project/lib/logger/logger.go:63.2,64.33 2 1
github.com/rombintu/avito-pvz-project/lib/logger/logger.go:64.33,68.3 2 1
github.com/rombintu/avito-pvz-project/lib/logger/logger.go:70.2,71.16 2 1
github.com/rombintu/avito-pvz-project/lib/logger/logger.go:71.16,73.3 1 0
github.com/rombintu/avito-pvz-project/lib/logger/logger.go:75.2,80.12 4 1
github.com/rombintu/avito-pvz-project/lib/logger/logger.go:86.18,93.2 2 1
github.com/rombintu/avito-pvz-project/pkg/middleware/auth.go:11.52,12.30 1 1
github.com/rombintu/avito-pvz-project/pkg/middleware/auth.go:12.30,14.23 2 1
github.com/rombintu/avito-pvz-project/pkg/middleware/auth.go:14.23,17.4 2 1
github.com/rombintu/avito-pvz-project/pkg/middleware/auth.go:19.3,20.32 2 1
github.com/rombintu/avito-pvz-project/pkg/middleware/auth.go:20.32,23.4 2 1
github.com/rombintu/avito-pvz-project/pkg/middleware/auth.go:25.3,26.17 2 1
github.com/rombintu/avito-pvz-project/pkg/middleware/auth.go:26.17,29.4 2 1
github.com/rombintu/avito-pvz-project/pkg/middleware/auth.go:31.3,32.11 2 1
github.com/rombintu/avito-pvz-project/internal/storage/drivers/pgx.go:43.66,45.2 1 1
github.com/rombintu/avito-pvz-project/internal/storage/drivers/pgx.go:48.69,49.49 1 1
github.com/rombintu/avito-pvz-project/internal/storage/drivers/pgx.go:49.49,51.3 1 0
github.com/rombintu/avito-pvz-project/internal/storage/drivers/pgx.go:52.2,52.13 1 1
github.com/rombintu/avito-pvz-project/internal/storage/drivers/pgx.go:56.102,58.16 2 1
github.com/rombintu/avito-pvz-project/internal/storage/drivers/pgx.go:58.16,60.3 1 0
github.com/rombintu/avito-pvz-project/internal/storage/drivers/pgx.go:62.2,62.15 1 1
github.com/rombintu/avito-pvz-project/internal/storage/drivers/pgx.go:62.15,63.31 1 1
github.com/rombintu/avito-pvz-project/internal/storage/drivers/pgx.go:63.31,66.4 2 0
github.com/rombintu/avito-pvz-project/internal/storage/drivers/pgx.go:69.2,71.34 2 1
github.com/rombintu/avito-pvz-project/internal/storage/drivers/pgx.go:71.34,72.43 1 1
github.com/rombintu/avito-pvz-project/internal/storage/drivers/pgx.go:72.43,74.4 1 0
github.com/rombintu/avito-pvz-project/internal/storage/drivers/pgx.go:75.3,75.13 1 1
github.com/rombintu/avito-pvz-project/internal/storage/drivers/pgx.go:78.2,78.36 1 1
github.com/rombintu/avito-pvz-project/internal/storage/drivers/pgx.go:78.36,80.3 1 0
github.com/rombintu/avito-pvz-project/internal/storage/drivers/pgx.go:82.2,82.12 1 1
github.com/rombintu/avito-pvz-project/internal/storage/drivers/pgx.go:86.84,100.16 3 1
github.com/rombintu/avito-pvz-project/internal/storage/drivers/pgx.go:100.16,101.64 1 1
github.com/rombintu/avito-pvz-project/internal/storage/drivers/pgx.go:101.64,103.4 1 1
github.com/rombintu/avito-pvz-project/internal/storage/drivers/pgx.go:104.3,104.54 1 0
github.com/rombintu/avito-pvz-project/internal/storage/drivers/pgx.go:107.2,107.12 1 1
github.com/rombintu/avito-pvz-project/internal/storage/drivers/pgx.go:110.99,125.16 4 1
github.com/rombintu/avito-pvz-project/internal/storage/drivers/pgx.go:125.16,126.36 1 1
github.com/rombintu/avito-pvz-project/internal/storage/drivers/pgx.go:126.36,128.4 1 1
github.com/rombintu/avito-pvz-project/internal/storage/drivers/pgx.go:129.3,129.65 1 0
github.com/rombintu/avito-pvz-project/internal/storage/drivers/pgx.go:132.2,132.19 1 1
github.com/rombintu/avito-pvz-project/internal/storage/drivers/pgx.go:136.81,148.16 3 1
github.com/rombintu/avito-pvz-project/internal/storage/drivers/pgx.go:148.16,150.3 1 0
github.com/rombintu/avito-pvz-project/internal/storage/drivers/pgx.go:152.2,152.12 1 1
github.com/rombintu/avito-pvz-project/internal/storage/drivers/pgx.go:155.104,165.32 4 1
github.com/rombintu/avito-pvz-project/internal/storage/drivers/pgx.go:165.32,169.3 3 1
github.com/rombintu/avito-pvz-project/internal/storage/drivers/pgx.go:171.2,171.30 1 1
github.com/rombintu/avito-pvz-project/internal/storage/drivers/pgx.go:171.30,175.3 3 1
github.com/rombintu/avito-pvz-project/internal/storage/drivers/pgx.go:177.2,181.16 4 1
github.com/rombintu/avito-pvz-project/internal/storage/drivers/pgx.go:181.16,183.3 1 0
github.com/rombintu/avito-pvz-project/internal/storage/drivers/pgx.go:184.2,187.18 3 1
github.com/rombintu/avito-pvz-project/internal/storage/drivers/pgx.go:187.18,193.17 2 1
github.com/rombintu/avito-pvz-project/internal/storage/drivers/pgx.go:193.17,195.4 1 0
github.com/rombintu/avito-pvz-project/internal/storage/drivers/pgx.go:196.3,196.28 1 1
github.com/rombintu/avito-pvz-project/internal/storage/drivers/pgx.go:199.2,199.35 1 1
github.com/rombintu/avito-pvz-project/internal/storage/drivers/pgx.go:199.35,201.3 1 0
github.com/rombintu/avito-pvz-project/internal/storage/drivers/pgx.go:203.2,203.18 1 1
github.com/rombintu/avito-pvz-project/internal/storage/drivers/pgx.go:207.99,220.16 3 1
github.com/rombintu/avito-pvz-project/internal/storage/drivers/pgx.go:220.16,222.3 1 0
github.com/rombintu/avito-pvz-project/internal/storage/drivers/pgx.go:224.2,224.12 1 1
github.com/rombintu/avito-pvz-project/internal/storage/drivers/pgx.go:227.106,244.16 4 1
github.com/rombintu/avito-pvz-project/internal/storage/drivers/pgx.go:244.16,245.36 1 0
github.com/rombintu/avito-pvz-project/internal/storage/drivers/pgx.go:245.36,247.4 1 0
github.com/rombintu/avito-pvz-project/internal/storage/drivers/pgx.go:248.3,248.66 1 0
github.com/rombintu/avito-pvz-project/internal/storage/drivers/pgx.go:251.2,251.24 1 1
github.com/rombintu/avito-pvz-project/internal/storage/drivers/pgx.go:254.89,262.16 3 1
github.com/rombintu/avito-pvz-project/internal/storage/drivers/pgx.go:262.16,264.3 1 0
github.com/rombintu/avito-pvz-project/internal/storage/drivers/pgx.go:266.2,267.16 2 1
github.com/rombintu/avito-pvz-project/internal/storage/drivers/pgx.go:267.16,269.3 1 0
github.com/rombintu/avito-pvz-project/internal/storage/drivers/pgx.go:271.2,271.23 1 1
github.com/rombintu/avito-pvz-project/internal/storage/drivers/pgx.go:271.23,273.3 1 0
github.com/rombintu/avito-pvz-project/internal/storage/drivers/pgx.go:275.2,275.12 1 1
github.com/rombintu/avito-pvz-project/internal/storage/drivers/pgx.go:279.90,292.16 3 1
github.com/rombintu/avito-pvz-project/internal/storage/drivers/pgx.go:292.16,294.3 1 0
github.com/rombintu/avito-pvz-project/internal/storage/drivers/pgx.go:296.2,296.12 1 1
github.com/rombintu/avito-pvz-project/internal/storage/drivers/pgx.go:299.108,316.16 4 1
github.com/rombintu/avito-pvz-project/internal/storage/drivers/pgx.go:316.16,317.36 1 0
github.com/rombintu/avito-pvz-project/internal/storage/drivers/pgx.go:317.36,319.4 1 0
github.com/rombintu/avito-pvz-project/internal/storage/drivers/pgx.go:320.3,320.64 1 0
github.com/rombintu/avito-pvz-project/internal/storage/drivers/pgx.go:323.2,323.22 1 1
github.com/rombintu/avito-pvz-project/internal/storage/drivers/pgx.go:326.86,333.16 3 1
github.com/rombintu/avito-pvz-project/internal/storage/drivers/pgx.go:333.16,335.3 1 0
github.com/rombintu/avito-pvz-project/internal/storage/drivers/pgx.go:337.2,338.16 2 1
github.com/rombintu/avito-pvz-project/internal/storage/drivers/pgx.go:338.16,340.3 1 0
github.com/rombintu/avito-pvz-project/internal/storage/drivers/pgx.go:342.2,342.23 1 1
github.com/rombintu/avito-pvz-project/internal/storage/drivers/pgx.go:342.23,344.3 1 1
github.com/rombintu/avito-pvz-project/internal/storage/drivers/pgx.go:346.2,346.12 1 1
github.com/rombintu/avito-pvz-project/internal/storage/drivers/pgx.go:350.55,355.16 2 1
github.com/rombintu/avito-pvz-project/internal/storage/drivers/pgx.go:355.16,357.3 1 1
github.com/rombintu/avito-pvz-project/internal/storage/drivers/pgx.go:358.2,358.18 1 0
github.com/rombintu/avito-pvz-project/internal/storage/drivers/pgx.go:362.55,367.16 2 0
github.com/rombintu/avito-pvz-project/internal/storage/drivers/pgx.go:367.16,369.3 1 0
github.com/rombintu/avito-pvz-project/internal/storage/drivers/pgx.go:370.2,370.20 1 0
