mode: set
github.com/rombintu/avito-pvz-project/cmd/server/main.go:13.13,16.16 3 0
github.com/rombintu/avito-pvz-project/cmd/server/main.go:16.16,18.3 1 0
github.com/rombintu/avito-pvz-project/cmd/server/main.go:19.2,29.47 4 0
github.com/rombintu/avito-pvz-project/cmd/server/main.go:29.47,32.3 1 0
github.com/rombintu/avito-pvz-project/internal/config/config.go:12.25,17.2 3 1
github.com/rombintu/avito-pvz-project/internal/config/config.go:19.59,21.9 2 1
github.com/rombintu/avito-pvz-project/internal/config/config.go:21.9,23.3 1 1
github.com/rombintu/avito-pvz-project/internal/config/config.go:24.2,24.14 1 1
github.com/rombintu/avito-pvz-project/internal/config/config.go:27.28,32.2 4 1
github.com/rombintu/avito-pvz-project/internal/mocks/storage.go:27.59,31.2 3 0
github.com/rombintu/avito-pvz-project/internal/mocks/storage.go:34.57,36.2 1 0
github.com/rombintu/avito-pvz-project/internal/mocks/storage.go:39.84,44.2 4 0
github.com/rombintu/avito-pvz-project/internal/mocks/storage.go:47.84,50.2 2 0
github.com/rombintu/avito-pvz-project/internal/mocks/storage.go:53.79,58.2 4 0
github.com/rombintu/avito-pvz-project/internal/mocks/storage.go:61.88,64.2 2 0
github.com/rombintu/avito-pvz-project/internal/mocks/storage.go:67.79,72.2 4 0
github.com/rombintu/avito-pvz-project/internal/mocks/storage.go:75.83,78.2 2 0
github.com/rombintu/avito-pvz-project/internal/mocks/storage.go:81.91,86.2 4 0
github.com/rombintu/avito-pvz-project/internal/mocks/storage.go:89.89,92.2 2 0
github.com/rombintu/avito-pvz-project/internal/mocks/storage.go:95.81,100.2 4 0
github.com/rombintu/avito-pvz-project/internal/mocks/storage.go:103.84,106.2 2 0
github.com/rombintu/avito-pvz-project/internal/mocks/storage.go:109.78,114.2 4 0
github.com/rombintu/avito-pvz-project/internal/mocks/storage.go:117.87,120.2 2 0
github.com/rombintu/avito-pvz-project/internal/mocks/storage.go:123.98,129.2 5 0
github.com/rombintu/avito-pvz-project/internal/mocks/storage.go:132.88,135.2 2 0
github.com/rombintu/avito-pvz-project/internal/mocks/storage.go:138.102,144.2 5 0
github.com/rombintu/avito-pvz-project/internal/mocks/storage.go:147.90,150.2 2 0
github.com/rombintu/avito-pvz-project/internal/mocks/storage.go:153.99,159.2 5 0
github.com/rombintu/avito-pvz-project/internal/mocks/storage.go:162.81,165.2 2 0
github.com/rombintu/avito-pvz-project/internal/mocks/storage.go:168.95,174.2 5 0
github.com/rombintu/avito-pvz-project/internal/mocks/storage.go:177.88,180.2 2 0
github.com/rombintu/avito-pvz-project/internal/proto/pvz.pb.go:43.50,47.2 3 0
github.com/rombintu/avito-pvz-project/internal/proto/pvz.pb.go:49.42,51.2 1 0
github.com/rombintu/avito-pvz-project/internal/proto/pvz.pb.go:53.65,55.2 1 0
github.com/rombintu/avito-pvz-project/internal/proto/pvz.pb.go:57.53,59.2 1 0
github.com/rombintu/avito-pvz-project/internal/proto/pvz.pb.go:61.59,63.2 1 0
github.com/rombintu/avito-pvz-project/internal/proto/pvz.pb.go:66.57,68.2 1 0
github.com/rombintu/avito-pvz-project/internal/proto/pvz.pb.go:80.23,82.29 2 0
github.com/rombintu/avito-pvz-project/internal/proto/pvz.pb.go:82.29,86.3 3 0
github.com/rombintu/avito-pvz-project/internal/proto/pvz.pb.go:89.31,91.2 1 0
github.com/rombintu/avito-pvz-project/internal/proto/pvz.pb.go:93.29,93.30 0 0
github.com/rombintu/avito-pvz-project/internal/proto/pvz.pb.go:95.51,97.41 2 0
github.com/rombintu/avito-pvz-project/internal/proto/pvz.pb.go:97.41,99.34 2 0
github.com/rombintu/avito-pvz-project/internal/proto/pvz.pb.go:99.34,101.4 1 0
github.com/rombintu/avito-pvz-project/internal/proto/pvz.pb.go:102.3,102.12 1 0
github.com/rombintu/avito-pvz-project/internal/proto/pvz.pb.go:104.2,104.24 1 0
github.com/rombintu/avito-pvz-project/internal/proto/pvz.pb.go:108.42,110.2 1 0
github.com/rombintu/avito-pvz-project/internal/proto/pvz.pb.go:112.30,113.14 1 0
github.com/rombintu/avito-pvz-project/internal/proto/pvz.pb.go:113.14,115.3 1 0
github.com/rombintu/avito-pvz-project/internal/proto/pvz.pb.go:116.2,116.11 1 0
github.com/rombintu/avito-pvz-project/internal/proto/pvz.pb.go:119.60,120.14 1 0
github.com/rombintu/avito-pvz-project/internal/proto/pvz.pb.go:120.14,122.3 1 0
github.com/rombintu/avito-pvz-project/internal/proto/pvz.pb.go:123.2,123.12 1 0
github.com/rombintu/avito-pvz-project/internal/proto/pvz.pb.go:126.32,127.14 1 0
github.com/rombintu/avito-pvz-project/internal/proto/pvz.pb.go:127.14,129.3 1 0
github.com/rombintu/avito-pvz-project/internal/proto/pvz.pb.go:130.2,130.11 1 0
github.com/rombintu/avito-pvz-project/internal/proto/pvz.pb.go:139.37,141.29 2 0
github.com/rombintu/avito-pvz-project/internal/proto/pvz.pb.go:141.29,145.3 3 0
github.com/rombintu/avito-pvz-project/internal/proto/pvz.pb.go:148.45,150.2 1 0
github.com/rombintu/avito-pvz-project/internal/proto/pvz.pb.go:152.43,152.44 0 0
github.com/rombintu/avito-pvz-project/internal/proto/pvz.pb.go:154.65,156.41 2 0
github.com/rombintu/avito-pvz-project/internal/proto/pvz.pb.go:156.41,158.34 2 0
github.com/rombintu/avito-pvz-project/internal/proto/pvz.pb.go:158.34,160.4 1 0
github.com/rombintu/avito-pvz-project/internal/proto/pvz.pb.go:161.3,161.12 1 0
github.com/rombintu/avito-pvz-project/internal/proto/pvz.pb.go:163.2,163.24 1 0
github.com/rombintu/avito-pvz-project/internal/proto/pvz.pb.go:167.56,169.2 1 0
github.com/rombintu/avito-pvz-project/internal/proto/pvz.pb.go:179.38,181.29 2 0
github.com/rombintu/avito-pvz-project/internal/proto/pvz.pb.go:181.29,185.3 3 0
github.com/rombintu/avito-pvz-project/internal/proto/pvz.pb.go:188.46,190.2 1 0
github.com/rombintu/avito-pvz-project/internal/proto/pvz.pb.go:192.44,192.45 0 0
github.com/rombintu/avito-pvz-project/internal/proto/pvz.pb.go:194.66,196.41 2 0
github.com/rombintu/avito-pvz-project/internal/proto/pvz.pb.go:196.41,198.34 2 0
github.com/rombintu/avito-pvz-project/internal/proto/pvz.pb.go:198.34,200.4 1 0
github.com/rombintu/avito-pvz-project/internal/proto/pvz.pb.go:201.3,201.12 1 0
github.com/rombintu/avito-pvz-project/internal/proto/pvz.pb.go:203.2,203.24 1 0
github.com/rombintu/avito-pvz-project/internal/proto/pvz.pb.go:207.57,209.2 1 0
github.com/rombintu/avito-pvz-project/internal/proto/pvz.pb.go:211.47,212.14 1 0
github.com/rombintu/avito-pvz-project/internal/proto/pvz.pb.go:212.14,214.3 1 0
github.com/rombintu/avito-pvz-project/internal/proto/pvz.pb.go:215.2,215.12 1 0
github.com/rombintu/avito-pvz-project/internal/proto/pvz.pb.go:259.57,260.54 1 0
github.com/rombintu/avito-pvz-project/internal/proto/pvz.pb.go:260.54,262.3 1 0
github.com/rombintu/avito-pvz-project/internal/proto/pvz.pb.go:263.2,263.50 1 0
github.com/rombintu/avito-pvz-project/internal/proto/pvz.pb.go:287.13,287.53 1 0
github.com/rombintu/avito-pvz-project/internal/proto/pvz.pb.go:288.43,289.42 1 0
github.com/rombintu/avito-pvz-project/internal/proto/pvz.pb.go:289.42,291.3 1 0
github.com/rombintu/avito-pvz-project/internal/proto/pvz.pb.go:292.2,292.30 1 0
github.com/rombintu/avito-pvz-project/internal/proto/pvz.pb.go:292.30,293.95 1 0
github.com/rombintu/avito-pvz-project/internal/proto/pvz.pb.go:293.95,294.28 1 0
github.com/rombintu/avito-pvz-project/internal/proto/pvz.pb.go:295.11,296.20 1 0
github.com/rombintu/avito-pvz-project/internal/proto/pvz.pb.go:297.11,298.24 1 0
github.com/rombintu/avito-pvz-project/internal/proto/pvz.pb.go:299.11,300.28 1 0
github.com/rombintu/avito-pvz-project/internal/proto/pvz.pb.go:301.12,302.15 1 0
github.com/rombintu/avito-pvz-project/internal/proto/pvz.pb.go:305.3,305.95 1 0
github.com/rombintu/avito-pvz-project/internal/proto/pvz.pb.go:305.95,306.42 1 0
github.com/rombintu/avito-pvz-project/internal/proto/pvz.pb.go:307.11,308.20 1 0
github.com/rombintu/avito-pvz-project/internal/proto/pvz.pb.go:309.11,310.24 1 0
github.com/rombintu/avito-pvz-project/internal/proto/pvz.pb.go:311.11,312.28 1 0
github.com/rombintu/avito-pvz-project/internal/proto/pvz.pb.go:313.12,314.15 1 0
github.com/rombintu/avito-pvz-project/internal/proto/pvz.pb.go:317.3,317.95 1 0
github.com/rombintu/avito-pvz-project/internal/proto/pvz.pb.go:317.95,318.43 1 0
github.com/rombintu/avito-pvz-project/internal/proto/pvz.pb.go:319.11,320.20 1 0
github.com/rombintu/avito-pvz-project/internal/proto/pvz.pb.go:321.11,322.24 1 0
github.com/rombintu/avito-pvz-project/internal/proto/pvz.pb.go:323.11,324.28 1 0
github.com/rombintu/avito-pvz-project/internal/proto/pvz.pb.go:325.12,326.15 1 0
github.com/rombintu/avito-pvz-project/internal/proto/pvz.pb.go:330.2,348.45 6 0
github.com/rombintu/avito-pvz-project/internal/proto/pvz_grpc.pb.go:28.72,30.2 1 0
github.com/rombintu/avito-pvz-project/internal/proto/pvz_grpc.pb.go:32.137,35.16 3 0
github.com/rombintu/avito-pvz-project/internal/proto/pvz_grpc.pb.go:35.16,37.3 1 0
github.com/rombintu/avito-pvz-project/internal/proto/pvz_grpc.pb.go:38.2,38.17 1 0
github.com/rombintu/avito-pvz-project/internal/proto/pvz_grpc.pb.go:53.115,55.2 1 0
github.com/rombintu/avito-pvz-project/internal/proto/pvz_grpc.pb.go:56.80,56.81 0 0
github.com/rombintu/avito-pvz-project/internal/proto/pvz_grpc.pb.go:65.78,67.2 1 0
github.com/rombintu/avito-pvz-project/internal/proto/pvz_grpc.pb.go:69.166,71.32 2 0
github.com/rombintu/avito-pvz-project/internal/proto/pvz_grpc.pb.go:71.32,73.3 1 0
github.com/rombintu/avito-pvz-project/internal/proto/pvz_grpc.pb.go:74.2,74.24 1 0
github.com/rombintu/avito-pvz-project/internal/proto/pvz_grpc.pb.go:74.24,76.3 1 0
github.com/rombintu/avito-pvz-project/internal/proto/pvz_grpc.pb.go:77.2,81.77 2 0
github.com/rombintu/avito-pvz-project/internal/proto/pvz_grpc.pb.go:81.77,83.3 1 0
github.com/rombintu/avito-pvz-project/internal/proto/pvz_grpc.pb.go:84.2,84.44 1 0
github.com/rombintu/avito-pvz-project/internal/auth/auth.go:23.77,34.2 3 1
github.com/rombintu/avito-pvz-project/internal/auth/auth.go:36.65,37.104 1 1
github.com/rombintu/avito-pvz-project/internal/auth/auth.go:37.104,39.3 1 1
github.com/rombintu/avito-pvz-project/internal/auth/auth.go:41.2,41.16 1 1
github.com/rombintu/avito-pvz-project/internal/auth/auth.go:41.16,43.3 1 1
github.com/rombintu/avito-pvz-project/internal/auth/auth.go:45.2,45.61 1 1
github.com/rombintu/avito-pvz-project/internal/auth/auth.go:45.61,47.3 1 1
github.com/rombintu/avito-pvz-project/internal/auth/auth.go:49.2,49.41 1 0
github.com/rombintu/avito-pvz-project/internal/auth/auth.go:52.109,53.18 1 1
github.com/rombintu/avito-pvz-project/internal/auth/auth.go:53.18,55.3 1 1
github.com/rombintu/avito-pvz-project/internal/auth/auth.go:56.2,56.18 1 1
github.com/rombintu/avito-pvz-project/internal/auth/auth.go:56.18,58.3 1 1
github.com/rombintu/avito-pvz-project/internal/auth/auth.go:60.2,69.43 3 1
github.com/rombintu/avito-pvz-project/internal/storage/storage.go:40.43,41.25 1 0
github.com/rombintu/avito-pvz-project/internal/storage/storage.go:42.21,43.51 1 0
github.com/rombintu/avito-pvz-project/internal/storage/storage.go:45.2,45.12 1 0
github.com/rombintu/avito-pvz-project/internal/storage/drivers/pgx.go:38.54,40.2 1 1
github.com/rombintu/avito-pvz-project/internal/storage/drivers/pgx.go:43.69,44.49 1 1
github.com/rombintu/avito-pvz-project/internal/storage/drivers/pgx.go:44.49,46.3 1 0
github.com/rombintu/avito-pvz-project/internal/storage/drivers/pgx.go:47.2,47.13 1 1
github.com/rombintu/avito-pvz-project/internal/storage/drivers/pgx.go:51.102,53.16 2 1
github.com/rombintu/avito-pvz-project/internal/storage/drivers/pgx.go:53.16,55.3 1 0
github.com/rombintu/avito-pvz-project/internal/storage/drivers/pgx.go:57.2,57.15 1 1
github.com/rombintu/avito-pvz-project/internal/storage/drivers/pgx.go:57.15,58.31 1 1
github.com/rombintu/avito-pvz-project/internal/storage/drivers/pgx.go:58.31,61.12 2 0
github.com/rombintu/avito-pvz-project/internal/storage/drivers/pgx.go:65.2,67.34 2 1
github.com/rombintu/avito-pvz-project/internal/storage/drivers/pgx.go:67.34,68.43 1 1
github.com/rombintu/avito-pvz-project/internal/storage/drivers/pgx.go:68.43,70.4 1 0
github.com/rombintu/avito-pvz-project/internal/storage/drivers/pgx.go:71.3,71.13 1 1
github.com/rombintu/avito-pvz-project/internal/storage/drivers/pgx.go:74.2,74.36 1 1
github.com/rombintu/avito-pvz-project/internal/storage/drivers/pgx.go:74.36,76.3 1 0
github.com/rombintu/avito-pvz-project/internal/storage/drivers/pgx.go:78.2,78.12 1 1
github.com/rombintu/avito-pvz-project/internal/storage/drivers/pgx.go:82.84,96.16 3 1
github.com/rombintu/avito-pvz-project/internal/storage/drivers/pgx.go:96.16,97.64 1 1
github.com/rombintu/avito-pvz-project/internal/storage/drivers/pgx.go:97.64,99.4 1 1
github.com/rombintu/avito-pvz-project/internal/storage/drivers/pgx.go:100.3,100.54 1 0
github.com/rombintu/avito-pvz-project/internal/storage/drivers/pgx.go:103.2,103.12 1 1
github.com/rombintu/avito-pvz-project/internal/storage/drivers/pgx.go:106.99,121.16 4 1
github.com/rombintu/avito-pvz-project/internal/storage/drivers/pgx.go:121.16,122.36 1 1
github.com/rombintu/avito-pvz-project/internal/storage/drivers/pgx.go:122.36,124.4 1 1
github.com/rombintu/avito-pvz-project/internal/storage/drivers/pgx.go:125.3,125.65 1 0
github.com/rombintu/avito-pvz-project/internal/storage/drivers/pgx.go:128.2,128.19 1 1
github.com/rombintu/avito-pvz-project/internal/storage/drivers/pgx.go:132.81,144.16 3 1
github.com/rombintu/avito-pvz-project/internal/storage/drivers/pgx.go:144.16,146.3 1 0
github.com/rombintu/avito-pvz-project/internal/storage/drivers/pgx.go:148.2,148.12 1 1
github.com/rombintu/avito-pvz-project/internal/storage/drivers/pgx.go:151.104,161.32 4 1
github.com/rombintu/avito-pvz-project/internal/storage/drivers/pgx.go:161.32,165.3 3 1
github.com/rombintu/avito-pvz-project/internal/storage/drivers/pgx.go:167.2,167.30 1 1
github.com/rombintu/avito-pvz-project/internal/storage/drivers/pgx.go:167.30,171.3 3 1
github.com/rombintu/avito-pvz-project/internal/storage/drivers/pgx.go:173.2,177.16 4 1
github.com/rombintu/avito-pvz-project/internal/storage/drivers/pgx.go:177.16,179.3 1 0
github.com/rombintu/avito-pvz-project/internal/storage/drivers/pgx.go:180.2,183.18 3 1
github.com/rombintu/avito-pvz-project/internal/storage/drivers/pgx.go:183.18,189.17 2 1
github.com/rombintu/avito-pvz-project/internal/storage/drivers/pgx.go:189.17,191.4 1 0
github.com/rombintu/avito-pvz-project/internal/storage/drivers/pgx.go:192.3,192.28 1 1
github.com/rombintu/avito-pvz-project/internal/storage/drivers/pgx.go:195.2,195.35 1 1
github.com/rombintu/avito-pvz-project/internal/storage/drivers/pgx.go:195.35,197.3 1 0
github.com/rombintu/avito-pvz-project/internal/storage/drivers/pgx.go:199.2,199.18 1 1
github.com/rombintu/avito-pvz-project/internal/storage/drivers/pgx.go:203.99,216.16 3 1
github.com/rombintu/avito-pvz-project/internal/storage/drivers/pgx.go:216.16,218.3 1 0
github.com/rombintu/avito-pvz-project/internal/storage/drivers/pgx.go:220.2,220.12 1 1
github.com/rombintu/avito-pvz-project/internal/storage/drivers/pgx.go:223.106,240.16 4 1
github.com/rombintu/avito-pvz-project/internal/storage/drivers/pgx.go:240.16,241.36 1 0
github.com/rombintu/avito-pvz-project/internal/storage/drivers/pgx.go:241.36,243.4 1 0
github.com/rombintu/avito-pvz-project/internal/storage/drivers/pgx.go:244.3,244.66 1 0
github.com/rombintu/avito-pvz-project/internal/storage/drivers/pgx.go:247.2,247.24 1 1
github.com/rombintu/avito-pvz-project/internal/storage/drivers/pgx.go:250.89,258.16 3 1
github.com/rombintu/avito-pvz-project/internal/storage/drivers/pgx.go:258.16,260.3 1 0
github.com/rombintu/avito-pvz-project/internal/storage/drivers/pgx.go:262.2,263.16 2 1
github.com/rombintu/avito-pvz-project/internal/storage/drivers/pgx.go:263.16,265.3 1 0
github.com/rombintu/avito-pvz-project/internal/storage/drivers/pgx.go:267.2,267.23 1 1
github.com/rombintu/avito-pvz-project/internal/storage/drivers/pgx.go:267.23,269.3 1 0
github.com/rombintu/avito-pvz-project/internal/storage/drivers/pgx.go:271.2,271.12 1 1
github.com/rombintu/avito-pvz-project/internal/storage/drivers/pgx.go:275.90,288.16 3 1
github.com/rombintu/avito-pvz-project/internal/storage/drivers/pgx.go:288.16,290.3 1 0
github.com/rombintu/avito-pvz-project/internal/storage/drivers/pgx.go:292.2,292.12 1 1
github.com/rombintu/avito-pvz-project/internal/storage/drivers/pgx.go:295.108,312.16 4 1
github.com/rombintu/avito-pvz-project/internal/storage/drivers/pgx.go:312.16,313.36 1 0
github.com/rombintu/avito-pvz-project/internal/storage/drivers/pgx.go:313.36,315.4 1 0
github.com/rombintu/avito-pvz-project/internal/storage/drivers/pgx.go:316.3,316.64 1 0
github.com/rombintu/avito-pvz-project/internal/storage/drivers/pgx.go:319.2,319.22 1 1
github.com/rombintu/avito-pvz-project/internal/storage/drivers/pgx.go:322.86,329.16 3 1
github.com/rombintu/avito-pvz-project/internal/storage/drivers/pgx.go:329.16,331.3 1 0
github.com/rombintu/avito-pvz-project/internal/storage/drivers/pgx.go:333.2,334.16 2 1
github.com/rombintu/avito-pvz-project/internal/storage/drivers/pgx.go:334.16,336.3 1 0
github.com/rombintu/avito-pvz-project/internal/storage/drivers/pgx.go:338.2,338.23 1 1
github.com/rombintu/avito-pvz-project/internal/storage/drivers/pgx.go:338.23,340.3 1 1
github.com/rombintu/avito-pvz-project/internal/storage/drivers/pgx.go:342.2,342.12 1 1
github.com/rombintu/avito-pvz-project/pkg/middleware/auth.go:11.52,12.30 1 1
github.com/rombintu/avito-pvz-project/pkg/middleware/auth.go:12.30,14.23 2 1
github.com/rombintu/avito-pvz-project/pkg/middleware/auth.go:14.23,17.4 2 1
github.com/rombintu/avito-pvz-project/pkg/middleware/auth.go:19.3,20.32 2 1
github.com/rombintu/avito-pvz-project/pkg/middleware/auth.go:20.32,23.4 2 1
github.com/rombintu/avito-pvz-project/pkg/middleware/auth.go:25.3,26.17 2 1
github.com/rombintu/avito-pvz-project/pkg/middleware/auth.go:26.17,29.4 2 1
github.com/rombintu/avito-pvz-project/pkg/middleware/auth.go:31.3,32.11 2 1
github.com/rombintu/avito-pvz-project/internal/mocks/storage.go:27.59,31.2 3 1
github.com/rombintu/avito-pvz-project/internal/mocks/storage.go:34.57,36.2 1 1
github.com/rombintu/avito-pvz-project/internal/mocks/storage.go:39.84,44.2 4 1
github.com/rombintu/avito-pvz-project/internal/mocks/storage.go:47.84,50.2 2 1
github.com/rombintu/avito-pvz-project/internal/mocks/storage.go:53.79,58.2 4 1
github.com/rombintu/avito-pvz-project/internal/mocks/storage.go:61.88,64.2 2 1
github.com/rombintu/avito-pvz-project/internal/mocks/storage.go:67.79,72.2 4 1
github.com/rombintu/avito-pvz-project/internal/mocks/storage.go:75.83,78.2 2 1
github.com/rombintu/avito-pvz-project/internal/mocks/storage.go:81.91,86.2 4 1
github.com/rombintu/avito-pvz-project/internal/mocks/storage.go:89.89,92.2 2 1
github.com/rombintu/avito-pvz-project/internal/mocks/storage.go:95.81,100.2 4 1
github.com/rombintu/avito-pvz-project/internal/mocks/storage.go:103.84,106.2 2 1
github.com/rombintu/avito-pvz-project/internal/mocks/storage.go:109.78,114.2 4 1
github.com/rombintu/avito-pvz-project/internal/mocks/storage.go:117.87,120.2 2 1
github.com/rombintu/avito-pvz-project/internal/mocks/storage.go:123.98,129.2 5 1
github.com/rombintu/avito-pvz-project/internal/mocks/storage.go:132.88,135.2 2 1
github.com/rombintu/avito-pvz-project/internal/mocks/storage.go:138.102,144.2 5 1
github.com/rombintu/avito-pvz-project/internal/mocks/storage.go:147.90,150.2 2 1
github.com/rombintu/avito-pvz-project/internal/mocks/storage.go:153.99,159.2 5 1
github.com/rombintu/avito-pvz-project/internal/mocks/storage.go:162.81,165.2 2 1
github.com/rombintu/avito-pvz-project/internal/mocks/storage.go:168.95,174.2 5 1
github.com/rombintu/avito-pvz-project/internal/mocks/storage.go:177.88,180.2 2 1
github.com/rombintu/avito-pvz-project/internal/proto/pvz.pb.go:43.50,47.2 3 0
github.com/rombintu/avito-pvz-project/internal/proto/pvz.pb.go:49.42,51.2 1 0
github.com/rombintu/avito-pvz-project/internal/proto/pvz.pb.go:53.65,55.2 1 0
github.com/rombintu/avito-pvz-project/internal/proto/pvz.pb.go:57.53,59.2 1 0
github.com/rombintu/avito-pvz-project/internal/proto/pvz.pb.go:61.59,63.2 1 0
github.com/rombintu/avito-pvz-project/internal/proto/pvz.pb.go:66.57,68.2 1 0
github.com/rombintu/avito-pvz-project/internal/proto/pvz.pb.go:80.23,82.29 2 0
github.com/rombintu/avito-pvz-project/internal/proto/pvz.pb.go:82.29,86.3 3 0
github.com/rombintu/avito-pvz-project/internal/proto/pvz.pb.go:89.31,91.2 1 0
github.com/rombintu/avito-pvz-project/internal/proto/pvz.pb.go:93.29,93.30 0 0
github.com/rombintu/avito-pvz-project/internal/proto/pvz.pb.go:95.51,97.41 2 0
github.com/rombintu/avito-pvz-project/internal/proto/pvz.pb.go:97.41,99.34 2 0
github.com/rombintu/avito-pvz-project/internal/proto/pvz.pb.go:99.34,101.4 1 0
github.com/rombintu/avito-pvz-project/internal/proto/pvz.pb.go:102.3,102.12 1 0
github.com/rombintu/avito-pvz-project/internal/proto/pvz.pb.go:104.2,104.24 1 0
github.com/rombintu/avito-pvz-project/internal/proto/pvz.pb.go:108.42,110.2 1 0
github.com/rombintu/avito-pvz-project/internal/proto/pvz.pb.go:112.30,113.14 1 0
github.com/rombintu/avito-pvz-project/internal/proto/pvz.pb.go:113.14,115.3 1 0
github.com/rombintu/avito-pvz-project/internal/proto/pvz.pb.go:116.2,116.11 1 0
github.com/rombintu/avito-pvz-project/internal/proto/pvz.pb.go:119.60,120.14 1 0
github.com/rombintu/avito-pvz-project/internal/proto/pvz.pb.go:120.14,122.3 1 0
github.com/rombintu/avito-pvz-project/internal/proto/pvz.pb.go:123.2,123.12 1 0
github.com/rombintu/avito-pvz-project/internal/proto/pvz.pb.go:126.32,127.14 1 0
github.com/rombintu/avito-pvz-project/internal/proto/pvz.pb.go:127.14,129.3 1 0
github.com/rombintu/avito-pvz-project/internal/proto/pvz.pb.go:130.2,130.11 1 0
github.com/rombintu/avito-pvz-project/internal/proto/pvz.pb.go:139.37,141.29 2 0
github.com/rombintu/avito-pvz-project/internal/proto/pvz.pb.go:141.29,145.3 3 0
github.com/rombintu/avito-pvz-project/internal/proto/pvz.pb.go:148.45,150.2 1 0
github.com/rombintu/avito-pvz-project/internal/proto/pvz.pb.go:152.43,152.44 0 0
github.com/rombintu/avito-pvz-project/internal/proto/pvz.pb.go:154.65,156.41 2 0
github.com/rombintu/avito-pvz-project/internal/proto/pvz.pb.go:156.41,158.34 2 0
github.com/rombintu/avito-pvz-project/internal/proto/pvz.pb.go:158.34,160.4 1 0
github.com/rombintu/avito-pvz-project/internal/proto/pvz.pb.go:161.3,161.12 1 0
github.com/rombintu/avito-pvz-project/internal/proto/pvz.pb.go:163.2,163.24 1 0
github.com/rombintu/avito-pvz-project/internal/proto/pvz.pb.go:167.56,169.2 1 0
github.com/rombintu/avito-pvz-project/internal/proto/pvz.pb.go:179.38,181.29 2 0
github.com/rombintu/avito-pvz-project/internal/proto/pvz.pb.go:181.29,185.3 3 0
github.com/rombintu/avito-pvz-project/internal/proto/pvz.pb.go:188.46,190.2 1 0
github.com/rombintu/avito-pvz-project/internal/proto/pvz.pb.go:192.44,192.45 0 0
github.com/rombintu/avito-pvz-project/internal/proto/pvz.pb.go:194.66,196.41 2 0
github.com/rombintu/avito-pvz-project/internal/proto/pvz.pb.go:196.41,198.34 2 0
github.com/rombintu/avito-pvz-project/internal/proto/pvz.pb.go:198.34,200.4 1 0
github.com/rombintu/avito-pvz-project/internal/proto/pvz.pb.go:201.3,201.12 1 0
github.com/rombintu/avito-pvz-project/internal/proto/pvz.pb.go:203.2,203.24 1 0
github.com/rombintu/avito-pvz-project/internal/proto/pvz.pb.go:207.57,209.2 1 0
github.com/rombintu/avito-pvz-project/internal/proto/pvz.pb.go:211.47,212.14 1 0
github.com/rombintu/avito-pvz-project/internal/proto/pvz.pb.go:212.14,214.3 1 0
github.com/rombintu/avito-pvz-project/internal/proto/pvz.pb.go:215.2,215.12 1 0
github.com/rombintu/avito-pvz-project/internal/proto/pvz.pb.go:259.57,260.54 1 0
github.com/rombintu/avito-pvz-project/internal/proto/pvz.pb.go:260.54,262.3 1 0
github.com/rombintu/avito-pvz-project/internal/proto/pvz.pb.go:263.2,263.50 1 0
github.com/rombintu/avito-pvz-project/internal/proto/pvz.pb.go:287.13,287.53 1 1
github.com/rombintu/avito-pvz-project/internal/proto/pvz.pb.go:288.43,289.42 1 1
github.com/rombintu/avito-pvz-project/internal/proto/pvz.pb.go:289.42,291.3 1 0
github.com/rombintu/avito-pvz-project/internal/proto/pvz.pb.go:292.2,292.30 1 1
github.com/rombintu/avito-pvz-project/internal/proto/pvz.pb.go:292.30,293.95 1 0
github.com/rombintu/avito-pvz-project/internal/proto/pvz.pb.go:293.95,294.28 1 0
github.com/rombintu/avito-pvz-project/internal/proto/pvz.pb.go:295.11,296.20 1 0
github.com/rombintu/avito-pvz-project/internal/proto/pvz.pb.go:297.11,298.24 1 0
github.com/rombintu/avito-pvz-project/internal/proto/pvz.pb.go:299.11,300.28 1 0
github.com/rombintu/avito-pvz-project/internal/proto/pvz.pb.go:301.12,302.15 1 0
github.com/rombintu/avito-pvz-project/internal/proto/pvz.pb.go:305.3,305.95 1 0
github.com/rombintu/avito-pvz-project/internal/proto/pvz.pb.go:305.95,306.42 1 0
github.com/rombintu/avito-pvz-project/internal/proto/pvz.pb.go:307.11,308.20 1 0
github.com/rombintu/avito-pvz-project/internal/proto/pvz.pb.go:309.11,310.24 1 0
github.com/rombintu/avito-pvz-project/internal/proto/pvz.pb.go:311.11,312.28 1 0
github.com/rombintu/avito-pvz-project/internal/proto/pvz.pb.go:313.12,314.15 1 0
github.com/rombintu/avito-pvz-project/internal/proto/pvz.pb.go:317.3,317.95 1 0
github.com/rombintu/avito-pvz-project/internal/proto/pvz.pb.go:317.95,318.43 1 0
github.com/rombintu/avito-pvz-project/internal/proto/pvz.pb.go:319.11,320.20 1 0
github.com/rombintu/avito-pvz-project/internal/proto/pvz.pb.go:321.11,322.24 1 0
github.com/rombintu/avito-pvz-project/internal/proto/pvz.pb.go:323.11,324.28 1 0
github.com/rombintu/avito-pvz-project/internal/proto/pvz.pb.go:325.12,326.15 1 0
github.com/rombintu/avito-pvz-project/internal/proto/pvz.pb.go:330.2,348.45 6 1
github.com/rombintu/avito-pvz-project/internal/proto/pvz_grpc.pb.go:28.72,30.2 1 0
github.com/rombintu/avito-pvz-project/internal/proto/pvz_grpc.pb.go:32.137,35.16 3 0
github.com/rombintu/avito-pvz-project/internal/proto/pvz_grpc.pb.go:35.16,37.3 1 0
github.com/rombintu/avito-pvz-project/internal/proto/pvz_grpc.pb.go:38.2,38.17 1 0
github.com/rombintu/avito-pvz-project/internal/proto/pvz_grpc.pb.go:53.115,55.2 1 0
github.com/rombintu/avito-pvz-project/internal/proto/pvz_grpc.pb.go:56.80,56.81 0 0
github.com/rombintu/avito-pvz-project/internal/proto/pvz_grpc.pb.go:65.78,67.2 1 0
github.com/rombintu/avito-pvz-project/internal/proto/pvz_grpc.pb.go:69.166,71.32 2 0
github.com/rombintu/avito-pvz-project/internal/proto/pvz_grpc.pb.go:71.32,73.3 1 0
github.com/rombintu/avito-pvz-project/internal/proto/pvz_grpc.pb.go:74.2,74.24 1 0
github.com/rombintu/avito-pvz-project/internal/proto/pvz_grpc.pb.go:74.24,76.3 1 0
github.com/rombintu/avito-pvz-project/internal/proto/pvz_grpc.pb.go:77.2,81.77 2 0
github.com/rombintu/avito-pvz-project/internal/proto/pvz_grpc.pb.go:81.77,83.3 1 0
github.com/rombintu/avito-pvz-project/internal/proto/pvz_grpc.pb.go:84.2,84.44 1 0
github.com/rombintu/avito-pvz-project/internal/server/server.go:37.41,43.2 1 1
github.com/rombintu/avito-pvz-project/internal/server/server.go:45.41,48.2 2 0
github.com/rombintu/avito-pvz-project/internal/server/server.go:50.45,52.16 2 0
github.com/rombintu/avito-pvz-project/internal/server/server.go:52.16,54.3 1 0
github.com/rombintu/avito-pvz-project/internal/server/server.go:55.2,57.30 3 0
github.com/rombintu/avito-pvz-project/internal/server/server.go:60.32,69.2 6 1
github.com/rombintu/avito-pvz-project/internal/server/server.go:69.2,76.3 6 1
github.com/rombintu/avito-pvz-project/internal/server/server.go:80.45,85.47 2 1
github.com/rombintu/avito-pvz-project/internal/server/server.go:85.47,88.3 2 0
github.com/rombintu/avito-pvz-project/internal/server/server.go:90.2,90.55 1 1
github.com/rombintu/avito-pvz-project/internal/server/server.go:90.55,93.3 2 1
github.com/rombintu/avito-pvz-project/internal/server/server.go:95.2,96.16 2 1
github.com/rombintu/avito-pvz-project/internal/server/server.go:96.16,99.3 2 0
github.com/rombintu/avito-pvz-project/internal/server/server.go:101.2,101.46 1 1
github.com/rombintu/avito-pvz-project/internal/server/server.go:105.43,112.47 2 1
github.com/rombintu/avito-pvz-project/internal/server/server.go:112.47,115.3 2 0
github.com/rombintu/avito-pvz-project/internal/server/server.go:117.2,124.72 2 1
github.com/rombintu/avito-pvz-project/internal/server/server.go:124.72,125.48 1 1
github.com/rombintu/avito-pvz-project/internal/server/server.go:125.48,128.4 2 1
github.com/rombintu/avito-pvz-project/internal/server/server.go:129.3,130.9 2 0
github.com/rombintu/avito-pvz-project/internal/server/server.go:133.2,137.4 1 1
github.com/rombintu/avito-pvz-project/internal/server/server.go:141.40,147.47 2 1
github.com/rombintu/avito-pvz-project/internal/server/server.go:147.47,150.3 2 0
github.com/rombintu/avito-pvz-project/internal/server/server.go:152.2,153.16 2 1
github.com/rombintu/avito-pvz-project/internal/server/server.go:153.16,154.42 1 0
github.com/rombintu/avito-pvz-project/internal/server/server.go:154.42,157.4 2 0
github.com/rombintu/avito-pvz-project/internal/server/server.go:158.3,159.9 2 0
github.com/rombintu/avito-pvz-project/internal/server/server.go:163.2,163.35 1 1
github.com/rombintu/avito-pvz-project/internal/server/server.go:163.35,166.3 2 1
github.com/rombintu/avito-pvz-project/internal/server/server.go:168.2,169.16 2 1
github.com/rombintu/avito-pvz-project/internal/server/server.go:169.16,172.3 2 0
github.com/rombintu/avito-pvz-project/internal/server/server.go:174.2,174.46 1 1
github.com/rombintu/avito-pvz-project/internal/server/server.go:178.44,180.13 2 1
github.com/rombintu/avito-pvz-project/internal/server/server.go:180.13,183.3 2 0
github.com/rombintu/avito-pvz-project/internal/server/server.go:185.2,186.50 2 1
github.com/rombintu/avito-pvz-project/internal/server/server.go:186.50,189.3 2 1
github.com/rombintu/avito-pvz-project/internal/server/server.go:191.2,192.47 2 1
github.com/rombintu/avito-pvz-project/internal/server/server.go:192.47,195.3 2 0
github.com/rombintu/avito-pvz-project/internal/server/server.go:198.2,199.28 2 1
github.com/rombintu/avito-pvz-project/internal/server/server.go:199.28,202.3 2 0
github.com/rombintu/avito-pvz-project/internal/server/server.go:204.2,207.71 3 1
github.com/rombintu/avito-pvz-project/internal/server/server.go:207.71,210.3 2 0
github.com/rombintu/avito-pvz-project/internal/server/server.go:212.2,212.33 1 1
github.com/rombintu/avito-pvz-project/internal/server/server.go:216.42,218.75 2 1
github.com/rombintu/avito-pvz-project/internal/server/server.go:218.75,221.3 2 0
github.com/rombintu/avito-pvz-project/internal/server/server.go:223.2,224.51 2 1
github.com/rombintu/avito-pvz-project/internal/server/server.go:224.51,227.3 2 0
github.com/rombintu/avito-pvz-project/internal/server/server.go:230.2,230.23 1 1
github.com/rombintu/avito-pvz-project/internal/server/server.go:230.23,232.3 1 1
github.com/rombintu/avito-pvz-project/internal/server/server.go:233.2,233.22 1 1
github.com/rombintu/avito-pvz-project/internal/server/server.go:233.22,235.3 1 1
github.com/rombintu/avito-pvz-project/internal/server/server.go:237.2,238.16 2 1
github.com/rombintu/avito-pvz-project/internal/server/server.go:238.16,241.3 2 0
github.com/rombintu/avito-pvz-project/internal/server/server.go:243.2,243.29 1 1
github.com/rombintu/avito-pvz-project/internal/server/server.go:247.50,249.38 2 1
github.com/rombintu/avito-pvz-project/internal/server/server.go:249.38,252.3 2 0
github.com/rombintu/avito-pvz-project/internal/server/server.go:254.2,258.47 2 1
github.com/rombintu/avito-pvz-project/internal/server/server.go:258.47,261.3 2 0
github.com/rombintu/avito-pvz-project/internal/server/server.go:263.2,270.82 2 1
github.com/rombintu/avito-pvz-project/internal/server/server.go:270.82,273.3 2 0
github.com/rombintu/avito-pvz-project/internal/server/server.go:275.2,275.39 1 1
github.com/rombintu/avito-pvz-project/internal/server/server.go:279.45,281.38 2 1
github.com/rombintu/avito-pvz-project/internal/server/server.go:281.38,284.3 2 0
github.com/rombintu/avito-pvz-project/internal/server/server.go:286.2,291.47 2 1
github.com/rombintu/avito-pvz-project/internal/server/server.go:291.47,294.3 2 0
github.com/rombintu/avito-pvz-project/internal/server/server.go:297.2,298.16 2 1
github.com/rombintu/avito-pvz-project/internal/server/server.go:298.16,299.42 1 0
github.com/rombintu/avito-pvz-project/internal/server/server.go:299.42,302.4 2 0
github.com/rombintu/avito-pvz-project/internal/server/server.go:303.3,304.9 2 0
github.com/rombintu/avito-pvz-project/internal/server/server.go:307.2,314.75 2 1
github.com/rombintu/avito-pvz-project/internal/server/server.go:314.75,317.3 2 0
github.com/rombintu/avito-pvz-project/internal/server/server.go:319.2,319.37 1 1
github.com/rombintu/avito-pvz-project/internal/server/server.go:323.53,325.38 2 1
github.com/rombintu/avito-pvz-project/internal/server/server.go:325.38,328.3 2 0
github.com/rombintu/avito-pvz-project/internal/server/server.go:330.2,331.45 2 1
github.com/rombintu/avito-pvz-project/internal/server/server.go:331.45,334.3 2 0
github.com/rombintu/avito-pvz-project/internal/server/server.go:337.2,338.16 2 1
github.com/rombintu/avito-pvz-project/internal/server/server.go:338.16,339.42 1 0
github.com/rombintu/avito-pvz-project/internal/server/server.go:339.42,342.4 2 0
github.com/rombintu/avito-pvz-project/internal/server/server.go:343.3,344.9 2 0
github.com/rombintu/avito-pvz-project/internal/server/server.go:347.2,347.84 1 1
github.com/rombintu/avito-pvz-project/internal/server/server.go:347.84,350.3 2 0
github.com/rombintu/avito-pvz-project/internal/server/server.go:352.2,352.74 1 1
github.com/rombintu/avito-pvz-project/internal/server/server.go:356.52,358.38 2 1
github.com/rombintu/avito-pvz-project/internal/server/server.go:358.38,361.3 2 0
github.com/rombintu/avito-pvz-project/internal/server/server.go:363.2,364.45 2 1
github.com/rombintu/avito-pvz-project/internal/server/server.go:364.45,367.3 2 0
github.com/rombintu/avito-pvz-project/internal/server/server.go:370.2,371.16 2 1
github.com/rombintu/avito-pvz-project/internal/server/server.go:371.16,372.42 1 0
github.com/rombintu/avito-pvz-project/internal/server/server.go:372.42,375.4 2 0
github.com/rombintu/avito-pvz-project/internal/server/server.go:376.3,377.9 2 0
github.com/rombintu/avito-pvz-project/internal/server/server.go:381.2,382.16 2 1
github.com/rombintu/avito-pvz-project/internal/server/server.go:382.16,383.42 1 0
github.com/rombintu/avito-pvz-project/internal/server/server.go:383.42,386.4 2 0
github.com/rombintu/avito-pvz-project/internal/server/server.go:387.3,388.9 2 0
github.com/rombintu/avito-pvz-project/internal/server/server.go:391.2,391.81 1 1
github.com/rombintu/avito-pvz-project/internal/server/server.go:391.81,394.3 2 0
github.com/rombintu/avito-pvz-project/internal/server/server.go:396.2,396.73 1 1
github.com/rombintu/avito-pvz-project/internal/storage/storage.go:40.43,41.25 1 0
github.com/rombintu/avito-pvz-project/internal/storage/storage.go:42.21,43.51 1 0
github.com/rombintu/avito-pvz-project/internal/storage/storage.go:45.2,45.12 1 0
